This file contains any messages produced by compilers while
running configure, to aid debugging if configure makes a mistake.

It was created by haveged configure 1.9.1, which was
generated by GNU Autoconf 2.69.  Invocation command line was

  $ ./configure --host=arm-linux --build= --prefix=/usr --enable-daemon

## --------- ##
## Platform. ##
## --------- ##

hostname = Centos9
uname -m = x86_64
uname -r = 4.18.0-147.el8.x86_64
uname -s = Linux
uname -v = #1 SMP Wed Dec 4 21:51:45 UTC 2019

/usr/bin/uname -p = x86_64
/bin/uname -X     = unknown

/bin/arch              = x86_64
/usr/bin/arch -k       = unknown
/usr/convex/getsysinfo = unknown
/usr/bin/hostinfo      = unknown
/bin/machine           = unknown
/usr/bin/oslevel       = unknown
/bin/universe          = unknown

PATH: /home/id/asuswrt-merlin/release/tools
PATH: /home/id/asuswrt-merlin/release/src-rt-6.x.4708/ctools
PATH: /home/id/asuswrt-merlin/release/tools
PATH: /home/id/asuswrt-merlin/release/src-rt-6.x.4708/ctools
PATH: /home/id/asuswrt-merlin/release/tools
PATH: /home/id/asuswrt-merlin/release/src-rt-6.x.4708/ctools
PATH: /home/id/.local/bin
PATH: /home/id/bin
PATH: /home/id/.local/bin
PATH: /home/id/bin
PATH: /usr/share/Modules/bin
PATH: /usr/local/bin
PATH: /usr/bin
PATH: /usr/local/sbin
PATH: /usr/sbin
PATH: /opt/brcm/hndtools-mipsel-linux/bin
PATH: /opt/brcm/hndtools-mipsel-uclibc/bin
PATH: /opt/brcm-arm/bin
PATH: /opt/tools


## ----------- ##
## Core tests. ##
## ----------- ##

configure:2204: loading site script /usr/share/config.site
| # This is the config.site file to satisfy FHS defaults when installing below
| # /usr.
| #
| # You may override this file by your config.site using the CONFIG_SITE env
| # variable.
| #
| # Note: This file includes also RHEL/Fedora fix for installing libraries into
| # "/lib/lib64" on 64bit systems.
| 
| if test -n "$host"; then
|     # skip when cross-compiling
|     return 0
| fi
| 
| if test "$prefix" = /usr \
|    || { test "$prefix" = NONE && test "$ac_default_prefix" = /usr ; }
| then
|     test "$sysconfdir" = '${prefix}/etc' && sysconfdir=/etc
|     test "$sharedstatedir" = '${prefix}/com' && sharedstatedir=/var
|     test "$localstatedir" = '${prefix}/var' && localstatedir=/var
| 
|     ARCH=`uname -m`
|     for i in x86_64 ppc64 s390x aarch64; do
|         if test $ARCH = $i; then
|             test "$libdir" = '${exec_prefix}/lib' && libdir='${exec_prefix}/lib64'
|             break
|         fi
|     done
| fi
configure:2347: checking for a BSD-compatible install
configure:2415: result: /usr/bin/install -c
configure:2426: checking whether build environment is sane
configure:2481: result: yes
configure:2540: checking for arm-linux-strip
configure:2567: result: arm-brcm-linux-uclibcgnueabi-strip
configure:2632: checking for a thread-safe mkdir -p
configure:2671: result: /usr/bin/mkdir -p
configure:2678: checking for gawk
configure:2694: found /usr/bin/gawk
configure:2705: result: gawk
configure:2716: checking whether make sets $(MAKE)
configure:2738: result: yes
configure:2767: checking whether make supports nested variables
configure:2784: result: yes
configure:2915: checking whether make supports the include directive
configure:2930: make -f confmf.GNU && cat confinc.out
make[4]: Entering directory '/home/id/asuswrt-merlin/release/src/router/haveged'
make[4]: Leaving directory '/home/id/asuswrt-merlin/release/src/router/haveged'
this is the am__doit target
configure:2933: $? = 0
configure:2952: result: yes (GNU style)
configure:2982: checking for arm-linux-gcc
configure:3009: result: arm-brcm-linux-uclibcgnueabi-gcc
configure:3278: checking for C compiler version
configure:3287: arm-brcm-linux-uclibcgnueabi-gcc --version >&5
arm-brcm-linux-uclibcgnueabi-gcc (Buildroot 2012.02) 4.5.3
Copyright (C) 2010 Free Software Foundation, Inc.
This is free software; see the source for copying conditions.  There is NO
warranty; not even for MERCHANTABILITY or FITNESS FOR A PARTICULAR PURPOSE.

configure:3298: $? = 0
configure:3287: arm-brcm-linux-uclibcgnueabi-gcc -v >&5
Using built-in specs.
COLLECT_GCC=arm-brcm-linux-uclibcgnueabi-gcc
COLLECT_LTO_WRAPPER=/home/id/asuswrt-merlin/release/src-rt-6.x.4708/toolchains/hndtools-arm-linux-2.6.36-uclibc-4.5.3/bin/../libexec/gcc/arm-brcm-linux-uclibcgnueabi/4.5.3/lto-wrapper
Target: arm-brcm-linux-uclibcgnueabi
Configured with: /projects/toolchains_build/buildroot-2012.02-brcm/output/toolchain/gcc-4.5.3/configure --prefix=/projects/hnd/tools/linux/hndtools-arm-linux-2.6.36-uclibc-4.5.3 --build=i686-pc-linux-gnu --host=i686-pc-linux-gnu --target=arm-brcm-linux-uclibcgnueabi --enable-languages=c,c++ --with-sysroot=/projects/hnd/tools/linux/hndtools-arm-linux-2.6.36-uclibc-4.5.3/arm-brcm-linux-uclibcgnueabi/sysroot --with-build-time-tools=/projects/hnd/tools/linux/hndtools-arm-linux-2.6.36-uclibc-4.5.3/arm-brcm-linux-uclibcgnueabi/bin --disable-__cxa_atexit --enable-target-optspace --disable-libgomp --with-gnu-ld --disable-libssp --disable-multilib --disable-tls --enable-shared --with-gmp=/projects/hnd/tools/linux/hndtools-arm-linux-2.6.36-uclibc-4.5.3 --with-mpfr=/projects/hnd/tools/linux/hndtools-arm-linux-2.6.36-uclibc-4.5.3 --with-mpc=/projects/hnd/tools/linux/hndtools-arm-linux-2.6.36-uclibc-4.5.3 --enable-threads --disable-decimal-float --with-float=soft --with-abi=aapcs-linux --with-arch=armv7-a --with-tune=cortex-a9 --with-pkgversion='Buildroot 2012.02' --with-bugurl=http://bugs.buildroot.net/
Thread model: posix
gcc version 4.5.3 (Buildroot 2012.02) 
configure:3298: $? = 0
configure:3287: arm-brcm-linux-uclibcgnueabi-gcc -V >&5
arm-brcm-linux-uclibcgnueabi-gcc: '-V' option must have argument
configure:3298: $? = 1
configure:3287: arm-brcm-linux-uclibcgnueabi-gcc -qversion >&5
arm-brcm-linux-uclibcgnueabi-gcc: unrecognized option '-qversion'
arm-brcm-linux-uclibcgnueabi-gcc: no input files
configure:3298: $? = 1
configure:3318: checking whether the C compiler works
configure:3340: arm-brcm-linux-uclibcgnueabi-gcc -Wall -Os -DLINUX26 -DCONFIG_BCMWL5 -DDEBUG_NOISY -DDEBUG_RCTEST -pipe -DBCMWPA2 -DBCMARM -fno-strict-aliasing -marm -DRTCONFIG_NVRAM_64K -DLINUX_KERNEL_VERSION=132644  -ffunction-sections -fdata-sections  -ffunction-sections -fdata-sections -Wl,--gc-sections conftest.c  >&5
configure:3344: $? = 0
configure:3392: result: yes
configure:3395: checking for C compiler default output file name
configure:3397: result: a.out
configure:3403: checking for suffix of executables
configure:3410: arm-brcm-linux-uclibcgnueabi-gcc -o conftest -Wall -Os -DLINUX26 -DCONFIG_BCMWL5 -DDEBUG_NOISY -DDEBUG_RCTEST -pipe -DBCMWPA2 -DBCMARM -fno-strict-aliasing -marm -DRTCONFIG_NVRAM_64K -DLINUX_KERNEL_VERSION=132644  -ffunction-sections -fdata-sections  -ffunction-sections -fdata-sections -Wl,--gc-sections conftest.c  >&5
configure:3414: $? = 0
configure:3436: result: 
configure:3458: checking whether we are cross compiling
configure:3466: arm-brcm-linux-uclibcgnueabi-gcc -o conftest -Wall -Os -DLINUX26 -DCONFIG_BCMWL5 -DDEBUG_NOISY -DDEBUG_RCTEST -pipe -DBCMWPA2 -DBCMARM -fno-strict-aliasing -marm -DRTCONFIG_NVRAM_64K -DLINUX_KERNEL_VERSION=132644  -ffunction-sections -fdata-sections  -ffunction-sections -fdata-sections -Wl,--gc-sections conftest.c  >&5
configure:3470: $? = 0
configure:3477: ./conftest
./configure: line 3479: ./conftest: cannot execute binary file: Exec format error
configure:3481: $? = 126
configure:3496: result: yes
configure:3501: checking for suffix of object files
configure:3523: arm-brcm-linux-uclibcgnueabi-gcc -c -Wall -Os -DLINUX26 -DCONFIG_BCMWL5 -DDEBUG_NOISY -DDEBUG_RCTEST -pipe -DBCMWPA2 -DBCMARM -fno-strict-aliasing -marm -DRTCONFIG_NVRAM_64K -DLINUX_KERNEL_VERSION=132644  -ffunction-sections -fdata-sections  conftest.c >&5
configure:3527: $? = 0
configure:3548: result: o
configure:3552: checking whether we are using the GNU C compiler
configure:3571: arm-brcm-linux-uclibcgnueabi-gcc -c -Wall -Os -DLINUX26 -DCONFIG_BCMWL5 -DDEBUG_NOISY -DDEBUG_RCTEST -pipe -DBCMWPA2 -DBCMARM -fno-strict-aliasing -marm -DRTCONFIG_NVRAM_64K -DLINUX_KERNEL_VERSION=132644  -ffunction-sections -fdata-sections  conftest.c >&5
configure:3571: $? = 0
configure:3580: result: yes
configure:3589: checking whether arm-brcm-linux-uclibcgnueabi-gcc accepts -g
configure:3609: arm-brcm-linux-uclibcgnueabi-gcc -c -g  conftest.c >&5
configure:3609: $? = 0
configure:3650: result: yes
configure:3667: checking for arm-brcm-linux-uclibcgnueabi-gcc option to accept ISO C89
configure:3730: arm-brcm-linux-uclibcgnueabi-gcc  -c -Wall -Os -DLINUX26 -DCONFIG_BCMWL5 -DDEBUG_NOISY -DDEBUG_RCTEST -pipe -DBCMWPA2 -DBCMARM -fno-strict-aliasing -marm -DRTCONFIG_NVRAM_64K -DLINUX_KERNEL_VERSION=132644  -ffunction-sections -fdata-sections  conftest.c >&5
configure:3730: $? = 0
configure:3743: result: none needed
configure:3768: checking whether arm-brcm-linux-uclibcgnueabi-gcc understands -c and -o together
configure:3790: arm-brcm-linux-uclibcgnueabi-gcc -c conftest.c -o conftest2.o
configure:3793: $? = 0
configure:3790: arm-brcm-linux-uclibcgnueabi-gcc -c conftest.c -o conftest2.o
configure:3793: $? = 0
configure:3805: result: yes
configure:3824: checking dependency style of arm-brcm-linux-uclibcgnueabi-gcc
configure:3935: result: gcc3
configure:3956: checking how to run the C preprocessor
configure:3987: arm-brcm-linux-uclibcgnueabi-gcc -E  conftest.c
configure:3987: $? = 0
configure:4001: arm-brcm-linux-uclibcgnueabi-gcc -E  conftest.c
conftest.c:11:28: fatal error: ac_nonexistent.h: No such file or directory
compilation terminated.
configure:4001: $? = 1
configure: failed program was:
| /* confdefs.h */
| #define PACKAGE_NAME "haveged"
| #define PACKAGE_TARNAME "haveged"
| #define PACKAGE_VERSION "1.9.1"
| #define PACKAGE_STRING "haveged 1.9.1"
| #define PACKAGE_BUGREPORT ""
| #define PACKAGE_URL ""
| #define PACKAGE "haveged"
| #define VERSION "1.9.1"
| /* end confdefs.h.  */
| #include <ac_nonexistent.h>
configure:4026: result: arm-brcm-linux-uclibcgnueabi-gcc -E
configure:4046: arm-brcm-linux-uclibcgnueabi-gcc -E  conftest.c
configure:4046: $? = 0
configure:4060: arm-brcm-linux-uclibcgnueabi-gcc -E  conftest.c
conftest.c:11:28: fatal error: ac_nonexistent.h: No such file or directory
compilation terminated.
configure:4060: $? = 1
configure: failed program was:
| /* confdefs.h */
| #define PACKAGE_NAME "haveged"
| #define PACKAGE_TARNAME "haveged"
| #define PACKAGE_VERSION "1.9.1"
| #define PACKAGE_STRING "haveged 1.9.1"
| #define PACKAGE_BUGREPORT ""
| #define PACKAGE_URL ""
| #define PACKAGE "haveged"
| #define VERSION "1.9.1"
| /* end confdefs.h.  */
| #include <ac_nonexistent.h>
configure:4089: checking for grep that handles long lines and -e
configure:4147: result: /usr/bin/grep
configure:4152: checking for egrep
configure:4214: result: /usr/bin/grep -E
configure:4219: checking for ANSI C header files
configure:4239: arm-brcm-linux-uclibcgnueabi-gcc -c -Wall -Os -DLINUX26 -DCONFIG_BCMWL5 -DDEBUG_NOISY -DDEBUG_RCTEST -pipe -DBCMWPA2 -DBCMARM -fno-strict-aliasing -marm -DRTCONFIG_NVRAM_64K -DLINUX_KERNEL_VERSION=132644  -ffunction-sections -fdata-sections  conftest.c >&5
configure:4239: $? = 0
configure:4323: result: yes
configure:4336: checking for sys/types.h
configure:4336: arm-brcm-linux-uclibcgnueabi-gcc -c -Wall -Os -DLINUX26 -DCONFIG_BCMWL5 -DDEBUG_NOISY -DDEBUG_RCTEST -pipe -DBCMWPA2 -DBCMARM -fno-strict-aliasing -marm -DRTCONFIG_NVRAM_64K -DLINUX_KERNEL_VERSION=132644  -ffunction-sections -fdata-sections  conftest.c >&5
configure:4336: $? = 0
configure:4336: result: yes
configure:4336: checking for sys/stat.h
configure:4336: arm-brcm-linux-uclibcgnueabi-gcc -c -Wall -Os -DLINUX26 -DCONFIG_BCMWL5 -DDEBUG_NOISY -DDEBUG_RCTEST -pipe -DBCMWPA2 -DBCMARM -fno-strict-aliasing -marm -DRTCONFIG_NVRAM_64K -DLINUX_KERNEL_VERSION=132644  -ffunction-sections -fdata-sections  conftest.c >&5
configure:4336: $? = 0
configure:4336: result: yes
configure:4336: checking for stdlib.h
configure:4336: arm-brcm-linux-uclibcgnueabi-gcc -c -Wall -Os -DLINUX26 -DCONFIG_BCMWL5 -DDEBUG_NOISY -DDEBUG_RCTEST -pipe -DBCMWPA2 -DBCMARM -fno-strict-aliasing -marm -DRTCONFIG_NVRAM_64K -DLINUX_KERNEL_VERSION=132644  -ffunction-sections -fdata-sections  conftest.c >&5
configure:4336: $? = 0
configure:4336: result: yes
configure:4336: checking for string.h
configure:4336: arm-brcm-linux-uclibcgnueabi-gcc -c -Wall -Os -DLINUX26 -DCONFIG_BCMWL5 -DDEBUG_NOISY -DDEBUG_RCTEST -pipe -DBCMWPA2 -DBCMARM -fno-strict-aliasing -marm -DRTCONFIG_NVRAM_64K -DLINUX_KERNEL_VERSION=132644  -ffunction-sections -fdata-sections  conftest.c >&5
configure:4336: $? = 0
configure:4336: result: yes
configure:4336: checking for memory.h
configure:4336: arm-brcm-linux-uclibcgnueabi-gcc -c -Wall -Os -DLINUX26 -DCONFIG_BCMWL5 -DDEBUG_NOISY -DDEBUG_RCTEST -pipe -DBCMWPA2 -DBCMARM -fno-strict-aliasing -marm -DRTCONFIG_NVRAM_64K -DLINUX_KERNEL_VERSION=132644  -ffunction-sections -fdata-sections  conftest.c >&5
configure:4336: $? = 0
configure:4336: result: yes
configure:4336: checking for strings.h
configure:4336: arm-brcm-linux-uclibcgnueabi-gcc -c -Wall -Os -DLINUX26 -DCONFIG_BCMWL5 -DDEBUG_NOISY -DDEBUG_RCTEST -pipe -DBCMWPA2 -DBCMARM -fno-strict-aliasing -marm -DRTCONFIG_NVRAM_64K -DLINUX_KERNEL_VERSION=132644  -ffunction-sections -fdata-sections  conftest.c >&5
configure:4336: $? = 0
configure:4336: result: yes
configure:4336: checking for inttypes.h
configure:4336: arm-brcm-linux-uclibcgnueabi-gcc -c -Wall -Os -DLINUX26 -DCONFIG_BCMWL5 -DDEBUG_NOISY -DDEBUG_RCTEST -pipe -DBCMWPA2 -DBCMARM -fno-strict-aliasing -marm -DRTCONFIG_NVRAM_64K -DLINUX_KERNEL_VERSION=132644  -ffunction-sections -fdata-sections  conftest.c >&5
configure:4336: $? = 0
configure:4336: result: yes
configure:4336: checking for stdint.h
configure:4336: arm-brcm-linux-uclibcgnueabi-gcc -c -Wall -Os -DLINUX26 -DCONFIG_BCMWL5 -DDEBUG_NOISY -DDEBUG_RCTEST -pipe -DBCMWPA2 -DBCMARM -fno-strict-aliasing -marm -DRTCONFIG_NVRAM_64K -DLINUX_KERNEL_VERSION=132644  -ffunction-sections -fdata-sections  conftest.c >&5
configure:4336: $? = 0
configure:4336: result: yes
configure:4336: checking for unistd.h
configure:4336: arm-brcm-linux-uclibcgnueabi-gcc -c -Wall -Os -DLINUX26 -DCONFIG_BCMWL5 -DDEBUG_NOISY -DDEBUG_RCTEST -pipe -DBCMWPA2 -DBCMARM -fno-strict-aliasing -marm -DRTCONFIG_NVRAM_64K -DLINUX_KERNEL_VERSION=132644  -ffunction-sections -fdata-sections  conftest.c >&5
configure:4336: $? = 0
configure:4336: result: yes
configure:4348: checking for uint32_t
configure:4348: arm-brcm-linux-uclibcgnueabi-gcc -c -Wall -Os -DLINUX26 -DCONFIG_BCMWL5 -DDEBUG_NOISY -DDEBUG_RCTEST -pipe -DBCMWPA2 -DBCMARM -fno-strict-aliasing -marm -DRTCONFIG_NVRAM_64K -DLINUX_KERNEL_VERSION=132644  -ffunction-sections -fdata-sections  conftest.c >&5
configure:4348: $? = 0
configure:4348: arm-brcm-linux-uclibcgnueabi-gcc -c -Wall -Os -DLINUX26 -DCONFIG_BCMWL5 -DDEBUG_NOISY -DDEBUG_RCTEST -pipe -DBCMWPA2 -DBCMARM -fno-strict-aliasing -marm -DRTCONFIG_NVRAM_64K -DLINUX_KERNEL_VERSION=132644  -ffunction-sections -fdata-sections  conftest.c >&5
conftest.c: In function 'main':
conftest.c:57:23: error: expected expression before ')' token
configure:4348: $? = 1
configure: failed program was:
| /* confdefs.h */
| #define PACKAGE_NAME "haveged"
| #define PACKAGE_TARNAME "haveged"
| #define PACKAGE_VERSION "1.9.1"
| #define PACKAGE_STRING "haveged 1.9.1"
| #define PACKAGE_BUGREPORT ""
| #define PACKAGE_URL ""
| #define PACKAGE "haveged"
| #define VERSION "1.9.1"
| #define STDC_HEADERS 1
| #define HAVE_SYS_TYPES_H 1
| #define HAVE_SYS_STAT_H 1
| #define HAVE_STDLIB_H 1
| #define HAVE_STRING_H 1
| #define HAVE_MEMORY_H 1
| #define HAVE_STRINGS_H 1
| #define HAVE_INTTYPES_H 1
| #define HAVE_STDINT_H 1
| #define HAVE_UNISTD_H 1
| /* end confdefs.h.  */
| #include <stdio.h>
| #ifdef HAVE_SYS_TYPES_H
| # include <sys/types.h>
| #endif
| #ifdef HAVE_SYS_STAT_H
| # include <sys/stat.h>
| #endif
| #ifdef STDC_HEADERS
| # include <stdlib.h>
| # include <stddef.h>
| #else
| # ifdef HAVE_STDLIB_H
| #  include <stdlib.h>
| # endif
| #endif
| #ifdef HAVE_STRING_H
| # if !defined STDC_HEADERS && defined HAVE_MEMORY_H
| #  include <memory.h>
| # endif
| # include <string.h>
| #endif
| #ifdef HAVE_STRINGS_H
| # include <strings.h>
| #endif
| #ifdef HAVE_INTTYPES_H
| # include <inttypes.h>
| #endif
| #ifdef HAVE_STDINT_H
| # include <stdint.h>
| #endif
| #ifdef HAVE_UNISTD_H
| # include <unistd.h>
| #endif
| int
| main ()
| {
| if (sizeof ((uint32_t)))
| 	    return 0;
|   ;
|   return 0;
| }
configure:4348: result: yes
configure:4357: checking for uint8_t
configure:4357: arm-brcm-linux-uclibcgnueabi-gcc -c -Wall -Os -DLINUX26 -DCONFIG_BCMWL5 -DDEBUG_NOISY -DDEBUG_RCTEST -pipe -DBCMWPA2 -DBCMARM -fno-strict-aliasing -marm -DRTCONFIG_NVRAM_64K -DLINUX_KERNEL_VERSION=132644  -ffunction-sections -fdata-sections  conftest.c >&5
configure:4357: $? = 0
configure:4357: arm-brcm-linux-uclibcgnueabi-gcc -c -Wall -Os -DLINUX26 -DCONFIG_BCMWL5 -DDEBUG_NOISY -DDEBUG_RCTEST -pipe -DBCMWPA2 -DBCMARM -fno-strict-aliasing -marm -DRTCONFIG_NVRAM_64K -DLINUX_KERNEL_VERSION=132644  -ffunction-sections -fdata-sections  conftest.c >&5
conftest.c: In function 'main':
conftest.c:58:22: error: expected expression before ')' token
configure:4357: $? = 1
configure: failed program was:
| /* confdefs.h */
| #define PACKAGE_NAME "haveged"
| #define PACKAGE_TARNAME "haveged"
| #define PACKAGE_VERSION "1.9.1"
| #define PACKAGE_STRING "haveged 1.9.1"
| #define PACKAGE_BUGREPORT ""
| #define PACKAGE_URL ""
| #define PACKAGE "haveged"
| #define VERSION "1.9.1"
| #define STDC_HEADERS 1
| #define HAVE_SYS_TYPES_H 1
| #define HAVE_SYS_STAT_H 1
| #define HAVE_STDLIB_H 1
| #define HAVE_STRING_H 1
| #define HAVE_MEMORY_H 1
| #define HAVE_STRINGS_H 1
| #define HAVE_INTTYPES_H 1
| #define HAVE_STDINT_H 1
| #define HAVE_UNISTD_H 1
| #define HAVE_UINT32_T 1
| /* end confdefs.h.  */
| #include <stdio.h>
| #ifdef HAVE_SYS_TYPES_H
| # include <sys/types.h>
| #endif
| #ifdef HAVE_SYS_STAT_H
| # include <sys/stat.h>
| #endif
| #ifdef STDC_HEADERS
| # include <stdlib.h>
| # include <stddef.h>
| #else
| # ifdef HAVE_STDLIB_H
| #  include <stdlib.h>
| # endif
| #endif
| #ifdef HAVE_STRING_H
| # if !defined STDC_HEADERS && defined HAVE_MEMORY_H
| #  include <memory.h>
| # endif
| # include <string.h>
| #endif
| #ifdef HAVE_STRINGS_H
| # include <strings.h>
| #endif
| #ifdef HAVE_INTTYPES_H
| # include <inttypes.h>
| #endif
| #ifdef HAVE_STDINT_H
| # include <stdint.h>
| #endif
| #ifdef HAVE_UNISTD_H
| # include <unistd.h>
| #endif
| int
| main ()
| {
| if (sizeof ((uint8_t)))
| 	    return 0;
|   ;
|   return 0;
| }
configure:4357: result: yes
configure:4399: checking build system type
configure:4413: result: x86_64-pc-linux-uclibc
configure:4433: checking host system type
configure:4446: result: arm-unknown-linux-gnu
configure:4487: checking how to print strings
configure:4514: result: printf
configure:4535: checking for a sed that does not truncate output
configure:4599: result: /usr/bin/sed
configure:4617: checking for fgrep
configure:4679: result: /usr/bin/grep -F
configure:4714: checking for ld used by arm-brcm-linux-uclibcgnueabi-gcc
configure:4781: result: arm-brcm-linux-uclibcgnueabi-ld
configure:4788: checking if the linker (arm-brcm-linux-uclibcgnueabi-ld) is GNU ld
configure:4803: result: yes
configure:4815: checking for BSD- or MS-compatible name lister (nm)
configure:4869: result: arm-brcm-linux-uclibcgnueabi-nm
configure:4999: checking the name lister (arm-brcm-linux-uclibcgnueabi-nm) interface
configure:5006: arm-brcm-linux-uclibcgnueabi-gcc -c -Wall -Os -DLINUX26 -DCONFIG_BCMWL5 -DDEBUG_NOISY -DDEBUG_RCTEST -pipe -DBCMWPA2 -DBCMARM -fno-strict-aliasing -marm -DRTCONFIG_NVRAM_64K -DLINUX_KERNEL_VERSION=132644  -ffunction-sections -fdata-sections  conftest.c >&5
configure:5009: arm-brcm-linux-uclibcgnueabi-nm "conftest.o"
configure:5012: output
00000000 B some_variable
configure:5019: result: BSD nm
configure:5022: checking whether ln -s works
configure:5026: result: yes
configure:5034: checking the maximum length of command line arguments
configure:5165: result: 1572864
configure:5213: checking how to convert x86_64-pc-linux-uclibc file names to arm-unknown-linux-gnu format
configure:5253: result: func_convert_file_noop
configure:5260: checking how to convert x86_64-pc-linux-uclibc file names to toolchain format
configure:5280: result: func_convert_file_noop
configure:5287: checking for arm-brcm-linux-uclibcgnueabi-ld option to reload object files
configure:5294: result: -r
configure:5328: checking for arm-linux-objdump
configure:5355: result: arm-brcm-linux-uclibcgnueabi-objdump
configure:5427: checking how to recognize dependent libraries
configure:5627: result: pass_all
configure:5672: checking for arm-linux-dlltool
configure:5702: result: no
configure:5712: checking for dlltool
configure:5742: result: no
configure:5772: checking how to associate runtime and link libraries
configure:5799: result: printf %s\n
configure:5815: checking for arm-linux-ar
configure:5842: result: arm-brcm-linux-uclibcgnueabi-ar
configure:5923: checking for archiver @FILE support
configure:5940: arm-brcm-linux-uclibcgnueabi-gcc -c -Wall -Os -DLINUX26 -DCONFIG_BCMWL5 -DDEBUG_NOISY -DDEBUG_RCTEST -pipe -DBCMWPA2 -DBCMARM -fno-strict-aliasing -marm -DRTCONFIG_NVRAM_64K -DLINUX_KERNEL_VERSION=132644  -ffunction-sections -fdata-sections  conftest.c >&5
configure:5940: $? = 0
configure:5943: arm-brcm-linux-uclibcgnueabi-ar cru libconftest.a @conftest.lst >&5
configure:5946: $? = 0
configure:5951: arm-brcm-linux-uclibcgnueabi-ar cru libconftest.a @conftest.lst >&5
arm-brcm-linux-uclibcgnueabi-ar: conftest.o: No such file or directory
configure:5954: $? = 1
configure:5966: result: @
configure:5984: checking for arm-linux-strip
configure:6011: result: arm-brcm-linux-uclibcgnueabi-strip
configure:6083: checking for arm-linux-ranlib
configure:6110: result: arm-brcm-linux-uclibcgnueabi-ranlib
configure:6252: checking command to parse arm-brcm-linux-uclibcgnueabi-nm output from arm-brcm-linux-uclibcgnueabi-gcc object
configure:6405: arm-brcm-linux-uclibcgnueabi-gcc -c -Wall -Os -DLINUX26 -DCONFIG_BCMWL5 -DDEBUG_NOISY -DDEBUG_RCTEST -pipe -DBCMWPA2 -DBCMARM -fno-strict-aliasing -marm -DRTCONFIG_NVRAM_64K -DLINUX_KERNEL_VERSION=132644  -ffunction-sections -fdata-sections  conftest.c >&5
configure:6408: $? = 0
configure:6412: arm-brcm-linux-uclibcgnueabi-nm conftest.o \| sed -n -e 's/^.*[ ]\([ABCDGIRSTW][ABCDGIRSTW]*\)[ ][ ]*\([_A-Za-z][_A-Za-z0-9]*\)$/\1 \2 \2/p' | sed '/ __gnu_lto/d' \> conftest.nm
configure:6415: $? = 0
configure:6481: arm-brcm-linux-uclibcgnueabi-gcc -o conftest -Wall -Os -DLINUX26 -DCONFIG_BCMWL5 -DDEBUG_NOISY -DDEBUG_RCTEST -pipe -DBCMWPA2 -DBCMARM -fno-strict-aliasing -marm -DRTCONFIG_NVRAM_64K -DLINUX_KERNEL_VERSION=132644  -ffunction-sections -fdata-sections  -ffunction-sections -fdata-sections -Wl,--gc-sections conftest.c conftstm.o >&5
configure:6484: $? = 0
configure:6522: result: ok
configure:6569: checking for sysroot
configure:6599: result: no
configure:6606: checking for a working dd
configure:6644: result: /usr/bin/dd
configure:6648: checking how to truncate binary pipes
configure:6663: result: /usr/bin/dd bs=4096 count=1
configure:6952: checking for arm-linux-mt
configure:6982: result: no
configure:6992: checking for mt
configure:7022: result: no
configure:7042: checking if : is a manifest tool
configure:7048: : '-?'
configure:7056: result: no
configure:7730: checking for dlfcn.h
configure:7730: arm-brcm-linux-uclibcgnueabi-gcc -c -Wall -Os -DLINUX26 -DCONFIG_BCMWL5 -DDEBUG_NOISY -DDEBUG_RCTEST -pipe -DBCMWPA2 -DBCMARM -fno-strict-aliasing -marm -DRTCONFIG_NVRAM_64K -DLINUX_KERNEL_VERSION=132644  -ffunction-sections -fdata-sections  conftest.c >&5
configure:7730: $? = 0
configure:7730: result: yes
configure:7986: checking for objdir
configure:8001: result: .libs
configure:8261: checking if arm-brcm-linux-uclibcgnueabi-gcc supports -fno-rtti -fno-exceptions
configure:8279: arm-brcm-linux-uclibcgnueabi-gcc -c -Wall -Os -DLINUX26 -DCONFIG_BCMWL5 -DDEBUG_NOISY -DDEBUG_RCTEST -pipe -DBCMWPA2 -DBCMARM -fno-strict-aliasing -marm -DRTCONFIG_NVRAM_64K -DLINUX_KERNEL_VERSION=132644  -ffunction-sections -fdata-sections  -fno-rtti -fno-exceptions conftest.c >&5
cc1: warning: command line option "-fno-rtti" is valid for C++/ObjC++ but not for C
configure:8283: $? = 0
configure:8296: result: no
configure:8654: checking for arm-brcm-linux-uclibcgnueabi-gcc option to produce PIC
configure:8661: result: -fPIC -DPIC
configure:8669: checking if arm-brcm-linux-uclibcgnueabi-gcc PIC flag -fPIC -DPIC works
configure:8687: arm-brcm-linux-uclibcgnueabi-gcc -c -Wall -Os -DLINUX26 -DCONFIG_BCMWL5 -DDEBUG_NOISY -DDEBUG_RCTEST -pipe -DBCMWPA2 -DBCMARM -fno-strict-aliasing -marm -DRTCONFIG_NVRAM_64K -DLINUX_KERNEL_VERSION=132644  -ffunction-sections -fdata-sections  -fPIC -DPIC -DPIC conftest.c >&5
configure:8691: $? = 0
configure:8704: result: yes
configure:8733: checking if arm-brcm-linux-uclibcgnueabi-gcc static flag -static works
configure:8761: result: yes
configure:8776: checking if arm-brcm-linux-uclibcgnueabi-gcc supports -c -o file.o
configure:8797: arm-brcm-linux-uclibcgnueabi-gcc -c -Wall -Os -DLINUX26 -DCONFIG_BCMWL5 -DDEBUG_NOISY -DDEBUG_RCTEST -pipe -DBCMWPA2 -DBCMARM -fno-strict-aliasing -marm -DRTCONFIG_NVRAM_64K -DLINUX_KERNEL_VERSION=132644  -ffunction-sections -fdata-sections  -o out/conftest2.o conftest.c >&5
configure:8801: $? = 0
configure:8823: result: yes
configure:8831: checking if arm-brcm-linux-uclibcgnueabi-gcc supports -c -o file.o
configure:8878: result: yes
configure:8911: checking whether the arm-brcm-linux-uclibcgnueabi-gcc linker (arm-brcm-linux-uclibcgnueabi-ld) supports shared libraries
configure:10170: result: yes
configure:10207: checking whether -lc should be explicitly linked in
configure:10215: arm-brcm-linux-uclibcgnueabi-gcc -c -Wall -Os -DLINUX26 -DCONFIG_BCMWL5 -DDEBUG_NOISY -DDEBUG_RCTEST -pipe -DBCMWPA2 -DBCMARM -fno-strict-aliasing -marm -DRTCONFIG_NVRAM_64K -DLINUX_KERNEL_VERSION=132644  -ffunction-sections -fdata-sections  conftest.c >&5
configure:10218: $? = 0
configure:10233: arm-brcm-linux-uclibcgnueabi-gcc -shared  -fPIC -DPIC conftest.o  -v -Wl,-soname -Wl,conftest -o conftest 2\>\&1 \| /usr/bin/grep  -lc  \>/dev/null 2\>\&1
configure:10236: $? = 0
configure:10250: result: no
configure:10410: checking dynamic linker characteristics
configure:10991: arm-brcm-linux-uclibcgnueabi-gcc -o conftest -Wall -Os -DLINUX26 -DCONFIG_BCMWL5 -DDEBUG_NOISY -DDEBUG_RCTEST -pipe -DBCMWPA2 -DBCMARM -fno-strict-aliasing -marm -DRTCONFIG_NVRAM_64K -DLINUX_KERNEL_VERSION=132644  -ffunction-sections -fdata-sections  -ffunction-sections -fdata-sections -Wl,--gc-sections -Wl,-rpath -Wl,/foo conftest.c  >&5
configure:10991: $? = 0
configure:11231: result: GNU/Linux ld.so
configure:11353: checking how to hardcode library paths into programs
configure:11378: result: immediate
configure:11926: checking whether stripping libraries is possible
configure:11931: result: yes
configure:11966: checking if libtool supports shared libraries
configure:11968: result: yes
configure:11971: checking whether to build shared libraries
configure:11996: result: yes
configure:11999: checking whether to build static libraries
configure:12003: result: yes
configure:12246: checking for arm-linux-gcc
configure:12273: result: arm-brcm-linux-uclibcgnueabi-gcc
configure:12348: checking for C compiler version
configure:12357: arm-brcm-linux-uclibcgnueabi-gcc --version >&5
arm-brcm-linux-uclibcgnueabi-gcc (Buildroot 2012.02) 4.5.3
Copyright (C) 2010 Free Software Foundation, Inc.
This is free software; see the source for copying conditions.  There is NO
warranty; not even for MERCHANTABILITY or FITNESS FOR A PARTICULAR PURPOSE.

configure:12368: $? = 0
configure:12357: arm-brcm-linux-uclibcgnueabi-gcc -v >&5
Using built-in specs.
COLLECT_GCC=arm-brcm-linux-uclibcgnueabi-gcc
COLLECT_LTO_WRAPPER=/home/id/asuswrt-merlin/release/src-rt-6.x.4708/toolchains/hndtools-arm-linux-2.6.36-uclibc-4.5.3/bin/../libexec/gcc/arm-brcm-linux-uclibcgnueabi/4.5.3/lto-wrapper
Target: arm-brcm-linux-uclibcgnueabi
Configured with: /projects/toolchains_build/buildroot-2012.02-brcm/output/toolchain/gcc-4.5.3/configure --prefix=/projects/hnd/tools/linux/hndtools-arm-linux-2.6.36-uclibc-4.5.3 --build=i686-pc-linux-gnu --host=i686-pc-linux-gnu --target=arm-brcm-linux-uclibcgnueabi --enable-languages=c,c++ --with-sysroot=/projects/hnd/tools/linux/hndtools-arm-linux-2.6.36-uclibc-4.5.3/arm-brcm-linux-uclibcgnueabi/sysroot --with-build-time-tools=/projects/hnd/tools/linux/hndtools-arm-linux-2.6.36-uclibc-4.5.3/arm-brcm-linux-uclibcgnueabi/bin --disable-__cxa_atexit --enable-target-optspace --disable-libgomp --with-gnu-ld --disable-libssp --disable-multilib --disable-tls --enable-shared --with-gmp=/projects/hnd/tools/linux/hndtools-arm-linux-2.6.36-uclibc-4.5.3 --with-mpfr=/projects/hnd/tools/linux/hndtools-arm-linux-2.6.36-uclibc-4.5.3 --with-mpc=/projects/hnd/tools/linux/hndtools-arm-linux-2.6.36-uclibc-4.5.3 --enable-threads --disable-decimal-float --with-float=soft --with-abi=aapcs-linux --with-arch=armv7-a --with-tune=cortex-a9 --with-pkgversion='Buildroot 2012.02' --with-bugurl=http://bugs.buildroot.net/
Thread model: posix
gcc version 4.5.3 (Buildroot 2012.02) 
configure:12368: $? = 0
configure:12357: arm-brcm-linux-uclibcgnueabi-gcc -V >&5
arm-brcm-linux-uclibcgnueabi-gcc: '-V' option must have argument
configure:12368: $? = 1
configure:12357: arm-brcm-linux-uclibcgnueabi-gcc -qversion >&5
arm-brcm-linux-uclibcgnueabi-gcc: unrecognized option '-qversion'
arm-brcm-linux-uclibcgnueabi-gcc: no input files
configure:12368: $? = 1
configure:12372: checking whether we are using the GNU C compiler
configure:12400: result: yes
configure:12409: checking whether arm-brcm-linux-uclibcgnueabi-gcc accepts -g
configure:12470: result: yes
configure:12487: checking for arm-brcm-linux-uclibcgnueabi-gcc option to accept ISO C89
configure:12563: result: none needed
configure:12588: checking whether arm-brcm-linux-uclibcgnueabi-gcc understands -c and -o together
configure:12625: result: yes
configure:12644: checking dependency style of arm-brcm-linux-uclibcgnueabi-gcc
configure:12755: result: gcc3
configure:12772: checking for an ANSI C-conforming const
configure:12838: arm-brcm-linux-uclibcgnueabi-gcc -c -Wall -Os -DLINUX26 -DCONFIG_BCMWL5 -DDEBUG_NOISY -DDEBUG_RCTEST -pipe -DBCMWPA2 -DBCMARM -fno-strict-aliasing -marm -DRTCONFIG_NVRAM_64K -DLINUX_KERNEL_VERSION=132644  -ffunction-sections -fdata-sections  conftest.c >&5
configure:12838: $? = 0
configure:12845: result: yes
configure:12853: checking whether time.h and sys/time.h may both be included
configure:12873: arm-brcm-linux-uclibcgnueabi-gcc -c -Wall -Os -DLINUX26 -DCONFIG_BCMWL5 -DDEBUG_NOISY -DDEBUG_RCTEST -pipe -DBCMWPA2 -DBCMARM -fno-strict-aliasing -marm -DRTCONFIG_NVRAM_64K -DLINUX_KERNEL_VERSION=132644  -ffunction-sections -fdata-sections  conftest.c >&5
configure:12873: $? = 0
configure:12880: result: yes
configure:12891: checking whether arm-brcm-linux-uclibcgnueabi-gcc needs -traditional
In file included from conftest.c:31:0:
/home/id/asuswrt-merlin/release/src-rt-6.x.4708/toolchains/hndtools-arm-linux-2.6.36-uclibc-4.5.3/bin/../arm-brcm-linux-uclibcgnueabi/sysroot/usr/include/sgtty.h:22:2: warning: #warning useless header on uClibc
configure:12925: result: no
configure:12935: checking sys/select.h usability
configure:12935: arm-brcm-linux-uclibcgnueabi-gcc -c -Wall -Os -DLINUX26 -DCONFIG_BCMWL5 -DDEBUG_NOISY -DDEBUG_RCTEST -pipe -DBCMWPA2 -DBCMARM -fno-strict-aliasing -marm -DRTCONFIG_NVRAM_64K -DLINUX_KERNEL_VERSION=132644  -ffunction-sections -fdata-sections  conftest.c >&5
configure:12935: $? = 0
configure:12935: result: yes
configure:12935: checking sys/select.h presence
configure:12935: arm-brcm-linux-uclibcgnueabi-gcc -E  conftest.c
configure:12935: $? = 0
configure:12935: result: yes
configure:12935: checking for sys/select.h
configure:12935: result: yes
configure:12935: checking sys/socket.h usability
configure:12935: arm-brcm-linux-uclibcgnueabi-gcc -c -Wall -Os -DLINUX26 -DCONFIG_BCMWL5 -DDEBUG_NOISY -DDEBUG_RCTEST -pipe -DBCMWPA2 -DBCMARM -fno-strict-aliasing -marm -DRTCONFIG_NVRAM_64K -DLINUX_KERNEL_VERSION=132644  -ffunction-sections -fdata-sections  conftest.c >&5
configure:12935: $? = 0
configure:12935: result: yes
configure:12935: checking sys/socket.h presence
configure:12935: arm-brcm-linux-uclibcgnueabi-gcc -E  conftest.c
configure:12935: $? = 0
configure:12935: result: yes
configure:12935: checking for sys/socket.h
configure:12935: result: yes
configure:12945: checking types of arguments for select
configure:12973: arm-brcm-linux-uclibcgnueabi-gcc -c -Wall -Os -DLINUX26 -DCONFIG_BCMWL5 -DDEBUG_NOISY -DDEBUG_RCTEST -pipe -DBCMWPA2 -DBCMARM -fno-strict-aliasing -marm -DRTCONFIG_NVRAM_64K -DLINUX_KERNEL_VERSION=132644  -ffunction-sections -fdata-sections  conftest.c >&5
configure:12973: $? = 0
configure:12984: result: int,fd_set *,struct timeval *
configure:13007: checking return type of signal handlers
configure:13025: arm-brcm-linux-uclibcgnueabi-gcc -c -Wall -Os -DLINUX26 -DCONFIG_BCMWL5 -DDEBUG_NOISY -DDEBUG_RCTEST -pipe -DBCMWPA2 -DBCMARM -fno-strict-aliasing -marm -DRTCONFIG_NVRAM_64K -DLINUX_KERNEL_VERSION=132644  -ffunction-sections -fdata-sections  conftest.c >&5
conftest.c: In function 'main':
conftest.c:42:1: error: void value not ignored as it ought to be
configure:13025: $? = 1
configure: failed program was:
| /* confdefs.h */
| #define PACKAGE_NAME "haveged"
| #define PACKAGE_TARNAME "haveged"
| #define PACKAGE_VERSION "1.9.1"
| #define PACKAGE_STRING "haveged 1.9.1"
| #define PACKAGE_BUGREPORT ""
| #define PACKAGE_URL ""
| #define PACKAGE "haveged"
| #define VERSION "1.9.1"
| #define STDC_HEADERS 1
| #define HAVE_SYS_TYPES_H 1
| #define HAVE_SYS_STAT_H 1
| #define HAVE_STDLIB_H 1
| #define HAVE_STRING_H 1
| #define HAVE_MEMORY_H 1
| #define HAVE_STRINGS_H 1
| #define HAVE_INTTYPES_H 1
| #define HAVE_STDINT_H 1
| #define HAVE_UNISTD_H 1
| #define HAVE_UINT32_T 1
| #define HAVE_UINT8_T 1
| #define HAVE_DLFCN_H 1
| #define LT_OBJDIR ".libs/"
| #define HAVEGE_LIB_VERSION "1:1:0"
| #define ONLINE_TESTS_ENABLE 1
| #define NUMBER_CORES 1
| #define TUNING_CPUID_ENABLE 1
| #define TUNING_VFS_ENABLE 1
| #define TIME_WITH_SYS_TIME 1
| #define HAVE_SYS_SELECT_H 1
| #define HAVE_SYS_SOCKET_H 1
| #define SELECT_TYPE_ARG1 int
| #define SELECT_TYPE_ARG234 (fd_set *)
| #define SELECT_TYPE_ARG5 (struct timeval *)
| /* end confdefs.h.  */
| #include <sys/types.h>
| #include <signal.h>
| 
| int
| main ()
| {
| return *(signal (0, 0)) (0) == 1;
|   ;
|   return 0;
| }
configure:13032: result: void
configure:13043: checking for __rdtsc
configure:13043: arm-brcm-linux-uclibcgnueabi-gcc -o conftest -Wall -Os -DLINUX26 -DCONFIG_BCMWL5 -DDEBUG_NOISY -DDEBUG_RCTEST -pipe -DBCMWPA2 -DBCMARM -fno-strict-aliasing -marm -DRTCONFIG_NVRAM_64K -DLINUX_KERNEL_VERSION=132644  -ffunction-sections -fdata-sections  -ffunction-sections -fdata-sections -Wl,--gc-sections conftest.c  >&5
/tmp/ccJcE2um.o: In function `main':
conftest.c:(.text.main+0x4): undefined reference to `__rdtsc'
collect2: ld returned 1 exit status
configure:13043: $? = 1
configure: failed program was:
| /* confdefs.h */
| #define PACKAGE_NAME "haveged"
| #define PACKAGE_TARNAME "haveged"
| #define PACKAGE_VERSION "1.9.1"
| #define PACKAGE_STRING "haveged 1.9.1"
| #define PACKAGE_BUGREPORT ""
| #define PACKAGE_URL ""
| #define PACKAGE "haveged"
| #define VERSION "1.9.1"
| #define STDC_HEADERS 1
| #define HAVE_SYS_TYPES_H 1
| #define HAVE_SYS_STAT_H 1
| #define HAVE_STDLIB_H 1
| #define HAVE_STRING_H 1
| #define HAVE_MEMORY_H 1
| #define HAVE_STRINGS_H 1
| #define HAVE_INTTYPES_H 1
| #define HAVE_STDINT_H 1
| #define HAVE_UNISTD_H 1
| #define HAVE_UINT32_T 1
| #define HAVE_UINT8_T 1
| #define HAVE_DLFCN_H 1
| #define LT_OBJDIR ".libs/"
| #define HAVEGE_LIB_VERSION "1:1:0"
| #define ONLINE_TESTS_ENABLE 1
| #define NUMBER_CORES 1
| #define TUNING_CPUID_ENABLE 1
| #define TUNING_VFS_ENABLE 1
| #define TIME_WITH_SYS_TIME 1
| #define HAVE_SYS_SELECT_H 1
| #define HAVE_SYS_SOCKET_H 1
| #define SELECT_TYPE_ARG1 int
| #define SELECT_TYPE_ARG234 (fd_set *)
| #define SELECT_TYPE_ARG5 (struct timeval *)
| #define RETSIGTYPE void
| /* end confdefs.h.  */
| /* Define __rdtsc to an innocuous variant, in case <limits.h> declares __rdtsc.
|    For example, HP-UX 11i <limits.h> declares gettimeofday.  */
| #define __rdtsc innocuous___rdtsc
| 
| /* System header to define __stub macros and hopefully few prototypes,
|     which can conflict with char __rdtsc (); below.
|     Prefer <limits.h> to <assert.h> if __STDC__ is defined, since
|     <limits.h> exists even on freestanding compilers.  */
| 
| #ifdef __STDC__
| # include <limits.h>
| #else
| # include <assert.h>
| #endif
| 
| #undef __rdtsc
| 
| /* Override any GCC internal prototype to avoid an error.
|    Use char because int might match the return type of a GCC
|    builtin and then its argument prototype would still apply.  */
| #ifdef __cplusplus
| extern "C"
| #endif
| char __rdtsc ();
| /* The GNU C library defines this for functions which it implements
|     to always fail with ENOSYS.  Some functions are actually named
|     something starting with __ and the normal name is an alias.  */
| #if defined __stub___rdtsc || defined __stub_____rdtsc
| choke me
| #endif
| 
| int
| main ()
| {
| return __rdtsc ();
|   ;
|   return 0;
| }
configure:13043: result: no
configure:13043: checking for floor
configure:13043: arm-brcm-linux-uclibcgnueabi-gcc -o conftest -Wall -Os -DLINUX26 -DCONFIG_BCMWL5 -DDEBUG_NOISY -DDEBUG_RCTEST -pipe -DBCMWPA2 -DBCMARM -fno-strict-aliasing -marm -DRTCONFIG_NVRAM_64K -DLINUX_KERNEL_VERSION=132644  -ffunction-sections -fdata-sections  -ffunction-sections -fdata-sections -Wl,--gc-sections conftest.c  >&5
conftest.c:60:6: warning: conflicting types for built-in function 'floor'
/tmp/cctnt8Vo.o: In function `main':
conftest.c:(.text.main+0x4): undefined reference to `floor'
collect2: ld returned 1 exit status
configure:13043: $? = 1
configure: failed program was:
| /* confdefs.h */
| #define PACKAGE_NAME "haveged"
| #define PACKAGE_TARNAME "haveged"
| #define PACKAGE_VERSION "1.9.1"
| #define PACKAGE_STRING "haveged 1.9.1"
| #define PACKAGE_BUGREPORT ""
| #define PACKAGE_URL ""
| #define PACKAGE "haveged"
| #define VERSION "1.9.1"
| #define STDC_HEADERS 1
| #define HAVE_SYS_TYPES_H 1
| #define HAVE_SYS_STAT_H 1
| #define HAVE_STDLIB_H 1
| #define HAVE_STRING_H 1
| #define HAVE_MEMORY_H 1
| #define HAVE_STRINGS_H 1
| #define HAVE_INTTYPES_H 1
| #define HAVE_STDINT_H 1
| #define HAVE_UNISTD_H 1
| #define HAVE_UINT32_T 1
| #define HAVE_UINT8_T 1
| #define HAVE_DLFCN_H 1
| #define LT_OBJDIR ".libs/"
| #define HAVEGE_LIB_VERSION "1:1:0"
| #define ONLINE_TESTS_ENABLE 1
| #define NUMBER_CORES 1
| #define TUNING_CPUID_ENABLE 1
| #define TUNING_VFS_ENABLE 1
| #define TIME_WITH_SYS_TIME 1
| #define HAVE_SYS_SELECT_H 1
| #define HAVE_SYS_SOCKET_H 1
| #define SELECT_TYPE_ARG1 int
| #define SELECT_TYPE_ARG234 (fd_set *)
| #define SELECT_TYPE_ARG5 (struct timeval *)
| #define RETSIGTYPE void
| /* end confdefs.h.  */
| /* Define floor to an innocuous variant, in case <limits.h> declares floor.
|    For example, HP-UX 11i <limits.h> declares gettimeofday.  */
| #define floor innocuous_floor
| 
| /* System header to define __stub macros and hopefully few prototypes,
|     which can conflict with char floor (); below.
|     Prefer <limits.h> to <assert.h> if __STDC__ is defined, since
|     <limits.h> exists even on freestanding compilers.  */
| 
| #ifdef __STDC__
| # include <limits.h>
| #else
| # include <assert.h>
| #endif
| 
| #undef floor
| 
| /* Override any GCC internal prototype to avoid an error.
|    Use char because int might match the return type of a GCC
|    builtin and then its argument prototype would still apply.  */
| #ifdef __cplusplus
| extern "C"
| #endif
| char floor ();
| /* The GNU C library defines this for functions which it implements
|     to always fail with ENOSYS.  Some functions are actually named
|     something starting with __ and the normal name is an alias.  */
| #if defined __stub_floor || defined __stub___floor
| choke me
| #endif
| 
| int
| main ()
| {
| return floor ();
|   ;
|   return 0;
| }
configure:13043: result: no
configure:13043: checking for gettimeofday
configure:13043: arm-brcm-linux-uclibcgnueabi-gcc -o conftest -Wall -Os -DLINUX26 -DCONFIG_BCMWL5 -DDEBUG_NOISY -DDEBUG_RCTEST -pipe -DBCMWPA2 -DBCMARM -fno-strict-aliasing -marm -DRTCONFIG_NVRAM_64K -DLINUX_KERNEL_VERSION=132644  -ffunction-sections -fdata-sections  -ffunction-sections -fdata-sections -Wl,--gc-sections conftest.c  >&5
configure:13043: $? = 0
configure:13043: result: yes
configure:13043: checking for memset
configure:13043: arm-brcm-linux-uclibcgnueabi-gcc -o conftest -Wall -Os -DLINUX26 -DCONFIG_BCMWL5 -DDEBUG_NOISY -DDEBUG_RCTEST -pipe -DBCMWPA2 -DBCMARM -fno-strict-aliasing -marm -DRTCONFIG_NVRAM_64K -DLINUX_KERNEL_VERSION=132644  -ffunction-sections -fdata-sections  -ffunction-sections -fdata-sections -Wl,--gc-sections conftest.c  >&5
conftest.c:61:6: warning: conflicting types for built-in function 'memset'
configure:13043: $? = 0
configure:13043: result: yes
configure:13043: checking for pow
configure:13043: arm-brcm-linux-uclibcgnueabi-gcc -o conftest -Wall -Os -DLINUX26 -DCONFIG_BCMWL5 -DDEBUG_NOISY -DDEBUG_RCTEST -pipe -DBCMWPA2 -DBCMARM -fno-strict-aliasing -marm -DRTCONFIG_NVRAM_64K -DLINUX_KERNEL_VERSION=132644  -ffunction-sections -fdata-sections  -ffunction-sections -fdata-sections -Wl,--gc-sections conftest.c  >&5
conftest.c:62:6: warning: conflicting types for built-in function 'pow'
/tmp/ccqdEV8v.o: In function `main':
conftest.c:(.text.main+0x4): undefined reference to `pow'
collect2: ld returned 1 exit status
configure:13043: $? = 1
configure: failed program was:
| /* confdefs.h */
| #define PACKAGE_NAME "haveged"
| #define PACKAGE_TARNAME "haveged"
| #define PACKAGE_VERSION "1.9.1"
| #define PACKAGE_STRING "haveged 1.9.1"
| #define PACKAGE_BUGREPORT ""
| #define PACKAGE_URL ""
| #define PACKAGE "haveged"
| #define VERSION "1.9.1"
| #define STDC_HEADERS 1
| #define HAVE_SYS_TYPES_H 1
| #define HAVE_SYS_STAT_H 1
| #define HAVE_STDLIB_H 1
| #define HAVE_STRING_H 1
| #define HAVE_MEMORY_H 1
| #define HAVE_STRINGS_H 1
| #define HAVE_INTTYPES_H 1
| #define HAVE_STDINT_H 1
| #define HAVE_UNISTD_H 1
| #define HAVE_UINT32_T 1
| #define HAVE_UINT8_T 1
| #define HAVE_DLFCN_H 1
| #define LT_OBJDIR ".libs/"
| #define HAVEGE_LIB_VERSION "1:1:0"
| #define ONLINE_TESTS_ENABLE 1
| #define NUMBER_CORES 1
| #define TUNING_CPUID_ENABLE 1
| #define TUNING_VFS_ENABLE 1
| #define TIME_WITH_SYS_TIME 1
| #define HAVE_SYS_SELECT_H 1
| #define HAVE_SYS_SOCKET_H 1
| #define SELECT_TYPE_ARG1 int
| #define SELECT_TYPE_ARG234 (fd_set *)
| #define SELECT_TYPE_ARG5 (struct timeval *)
| #define RETSIGTYPE void
| #define HAVE_GETTIMEOFDAY 1
| #define HAVE_MEMSET 1
| /* end confdefs.h.  */
| /* Define pow to an innocuous variant, in case <limits.h> declares pow.
|    For example, HP-UX 11i <limits.h> declares gettimeofday.  */
| #define pow innocuous_pow
| 
| /* System header to define __stub macros and hopefully few prototypes,
|     which can conflict with char pow (); below.
|     Prefer <limits.h> to <assert.h> if __STDC__ is defined, since
|     <limits.h> exists even on freestanding compilers.  */
| 
| #ifdef __STDC__
| # include <limits.h>
| #else
| # include <assert.h>
| #endif
| 
| #undef pow
| 
| /* Override any GCC internal prototype to avoid an error.
|    Use char because int might match the return type of a GCC
|    builtin and then its argument prototype would still apply.  */
| #ifdef __cplusplus
| extern "C"
| #endif
| char pow ();
| /* The GNU C library defines this for functions which it implements
|     to always fail with ENOSYS.  Some functions are actually named
|     something starting with __ and the normal name is an alias.  */
| #if defined __stub_pow || defined __stub___pow
| choke me
| #endif
| 
| int
| main ()
| {
| return pow ();
|   ;
|   return 0;
| }
configure:13043: result: no
configure:13043: checking for select
configure:13043: arm-brcm-linux-uclibcgnueabi-gcc -o conftest -Wall -Os -DLINUX26 -DCONFIG_BCMWL5 -DDEBUG_NOISY -DDEBUG_RCTEST -pipe -DBCMWPA2 -DBCMARM -fno-strict-aliasing -marm -DRTCONFIG_NVRAM_64K -DLINUX_KERNEL_VERSION=132644  -ffunction-sections -fdata-sections  -ffunction-sections -fdata-sections -Wl,--gc-sections conftest.c  >&5
configure:13043: $? = 0
configure:13043: result: yes
configure:13043: checking for sched_yield
configure:13043: arm-brcm-linux-uclibcgnueabi-gcc -o conftest -Wall -Os -DLINUX26 -DCONFIG_BCMWL5 -DDEBUG_NOISY -DDEBUG_RCTEST -pipe -DBCMWPA2 -DBCMARM -fno-strict-aliasing -marm -DRTCONFIG_NVRAM_64K -DLINUX_KERNEL_VERSION=132644  -ffunction-sections -fdata-sections  -ffunction-sections -fdata-sections -Wl,--gc-sections conftest.c  >&5
configure:13043: $? = 0
configure:13043: result: yes
configure:13043: checking for sqrt
configure:13043: arm-brcm-linux-uclibcgnueabi-gcc -o conftest -Wall -Os -DLINUX26 -DCONFIG_BCMWL5 -DDEBUG_NOISY -DDEBUG_RCTEST -pipe -DBCMWPA2 -DBCMARM -fno-strict-aliasing -marm -DRTCONFIG_NVRAM_64K -DLINUX_KERNEL_VERSION=132644  -ffunction-sections -fdata-sections  -ffunction-sections -fdata-sections -Wl,--gc-sections conftest.c  >&5
conftest.c:64:6: warning: conflicting types for built-in function 'sqrt'
/tmp/ccIaqkrC.o: In function `main':
conftest.c:(.text.main+0x4): undefined reference to `sqrt'
collect2: ld returned 1 exit status
configure:13043: $? = 1
configure: failed program was:
| /* confdefs.h */
| #define PACKAGE_NAME "haveged"
| #define PACKAGE_TARNAME "haveged"
| #define PACKAGE_VERSION "1.9.1"
| #define PACKAGE_STRING "haveged 1.9.1"
| #define PACKAGE_BUGREPORT ""
| #define PACKAGE_URL ""
| #define PACKAGE "haveged"
| #define VERSION "1.9.1"
| #define STDC_HEADERS 1
| #define HAVE_SYS_TYPES_H 1
| #define HAVE_SYS_STAT_H 1
| #define HAVE_STDLIB_H 1
| #define HAVE_STRING_H 1
| #define HAVE_MEMORY_H 1
| #define HAVE_STRINGS_H 1
| #define HAVE_INTTYPES_H 1
| #define HAVE_STDINT_H 1
| #define HAVE_UNISTD_H 1
| #define HAVE_UINT32_T 1
| #define HAVE_UINT8_T 1
| #define HAVE_DLFCN_H 1
| #define LT_OBJDIR ".libs/"
| #define HAVEGE_LIB_VERSION "1:1:0"
| #define ONLINE_TESTS_ENABLE 1
| #define NUMBER_CORES 1
| #define TUNING_CPUID_ENABLE 1
| #define TUNING_VFS_ENABLE 1
| #define TIME_WITH_SYS_TIME 1
| #define HAVE_SYS_SELECT_H 1
| #define HAVE_SYS_SOCKET_H 1
| #define SELECT_TYPE_ARG1 int
| #define SELECT_TYPE_ARG234 (fd_set *)
| #define SELECT_TYPE_ARG5 (struct timeval *)
| #define RETSIGTYPE void
| #define HAVE_GETTIMEOFDAY 1
| #define HAVE_MEMSET 1
| #define HAVE_SELECT 1
| #define HAVE_SCHED_YIELD 1
| /* end confdefs.h.  */
| /* Define sqrt to an innocuous variant, in case <limits.h> declares sqrt.
|    For example, HP-UX 11i <limits.h> declares gettimeofday.  */
| #define sqrt innocuous_sqrt
| 
| /* System header to define __stub macros and hopefully few prototypes,
|     which can conflict with char sqrt (); below.
|     Prefer <limits.h> to <assert.h> if __STDC__ is defined, since
|     <limits.h> exists even on freestanding compilers.  */
| 
| #ifdef __STDC__
| # include <limits.h>
| #else
| # include <assert.h>
| #endif
| 
| #undef sqrt
| 
| /* Override any GCC internal prototype to avoid an error.
|    Use char because int might match the return type of a GCC
|    builtin and then its argument prototype would still apply.  */
| #ifdef __cplusplus
| extern "C"
| #endif
| char sqrt ();
| /* The GNU C library defines this for functions which it implements
|     to always fail with ENOSYS.  Some functions are actually named
|     something starting with __ and the normal name is an alias.  */
| #if defined __stub_sqrt || defined __stub___sqrt
| choke me
| #endif
| 
| int
| main ()
| {
| return sqrt ();
|   ;
|   return 0;
| }
configure:13043: result: no
configure:13054: checking for ANSI C header files
configure:13158: result: yes
configure:13168: checking fcntl.h usability
configure:13168: arm-brcm-linux-uclibcgnueabi-gcc -c -Wall -Os -DLINUX26 -DCONFIG_BCMWL5 -DDEBUG_NOISY -DDEBUG_RCTEST -pipe -DBCMWPA2 -DBCMARM -fno-strict-aliasing -marm -DRTCONFIG_NVRAM_64K -DLINUX_KERNEL_VERSION=132644  -ffunction-sections -fdata-sections  conftest.c >&5
configure:13168: $? = 0
configure:13168: result: yes
configure:13168: checking fcntl.h presence
configure:13168: arm-brcm-linux-uclibcgnueabi-gcc -E  conftest.c
configure:13168: $? = 0
configure:13168: result: yes
configure:13168: checking for fcntl.h
configure:13168: result: yes
configure:13180: checking sched.h usability
configure:13180: arm-brcm-linux-uclibcgnueabi-gcc -c -Wall -Os -DLINUX26 -DCONFIG_BCMWL5 -DDEBUG_NOISY -DDEBUG_RCTEST -pipe -DBCMWPA2 -DBCMARM -fno-strict-aliasing -marm -DRTCONFIG_NVRAM_64K -DLINUX_KERNEL_VERSION=132644  -ffunction-sections -fdata-sections  conftest.c >&5
configure:13180: $? = 0
configure:13180: result: yes
configure:13180: checking sched.h presence
configure:13180: arm-brcm-linux-uclibcgnueabi-gcc -E  conftest.c
configure:13180: $? = 0
configure:13180: result: yes
configure:13180: checking for sched.h
configure:13180: result: yes
configure:13192: checking semaphore.h usability
configure:13192: arm-brcm-linux-uclibcgnueabi-gcc -c -Wall -Os -DLINUX26 -DCONFIG_BCMWL5 -DDEBUG_NOISY -DDEBUG_RCTEST -pipe -DBCMWPA2 -DBCMARM -fno-strict-aliasing -marm -DRTCONFIG_NVRAM_64K -DLINUX_KERNEL_VERSION=132644  -ffunction-sections -fdata-sections  conftest.c >&5
configure:13192: $? = 0
configure:13192: result: yes
configure:13192: checking semaphore.h presence
configure:13192: arm-brcm-linux-uclibcgnueabi-gcc -E  conftest.c
configure:13192: $? = 0
configure:13192: result: yes
configure:13192: checking for semaphore.h
configure:13192: result: yes
configure:13204: checking for stdlib.h
configure:13204: result: yes
configure:13216: checking for string.h
configure:13216: result: yes
configure:13228: checking sys/ioctl.h usability
configure:13228: arm-brcm-linux-uclibcgnueabi-gcc -c -Wall -Os -DLINUX26 -DCONFIG_BCMWL5 -DDEBUG_NOISY -DDEBUG_RCTEST -pipe -DBCMWPA2 -DBCMARM -fno-strict-aliasing -marm -DRTCONFIG_NVRAM_64K -DLINUX_KERNEL_VERSION=132644  -ffunction-sections -fdata-sections  conftest.c >&5
configure:13228: $? = 0
configure:13228: result: yes
configure:13228: checking sys/ioctl.h presence
configure:13228: arm-brcm-linux-uclibcgnueabi-gcc -E  conftest.c
configure:13228: $? = 0
configure:13228: result: yes
configure:13228: checking for sys/ioctl.h
configure:13228: result: yes
configure:13240: checking sys/mman.h usability
configure:13240: arm-brcm-linux-uclibcgnueabi-gcc -c -Wall -Os -DLINUX26 -DCONFIG_BCMWL5 -DDEBUG_NOISY -DDEBUG_RCTEST -pipe -DBCMWPA2 -DBCMARM -fno-strict-aliasing -marm -DRTCONFIG_NVRAM_64K -DLINUX_KERNEL_VERSION=132644  -ffunction-sections -fdata-sections  conftest.c >&5
configure:13240: $? = 0
configure:13240: result: yes
configure:13240: checking sys/mman.h presence
configure:13240: arm-brcm-linux-uclibcgnueabi-gcc -E  conftest.c
configure:13240: $? = 0
configure:13240: result: yes
configure:13240: checking for sys/mman.h
configure:13240: result: yes
configure:13252: checking sys/wait.h usability
configure:13252: arm-brcm-linux-uclibcgnueabi-gcc -c -Wall -Os -DLINUX26 -DCONFIG_BCMWL5 -DDEBUG_NOISY -DDEBUG_RCTEST -pipe -DBCMWPA2 -DBCMARM -fno-strict-aliasing -marm -DRTCONFIG_NVRAM_64K -DLINUX_KERNEL_VERSION=132644  -ffunction-sections -fdata-sections  conftest.c >&5
configure:13252: $? = 0
configure:13252: result: yes
configure:13252: checking sys/wait.h presence
configure:13252: arm-brcm-linux-uclibcgnueabi-gcc -E  conftest.c
configure:13252: $? = 0
configure:13252: result: yes
configure:13252: checking for sys/wait.h
configure:13252: result: yes
configure:13264: checking time.h usability
configure:13264: arm-brcm-linux-uclibcgnueabi-gcc -c -Wall -Os -DLINUX26 -DCONFIG_BCMWL5 -DDEBUG_NOISY -DDEBUG_RCTEST -pipe -DBCMWPA2 -DBCMARM -fno-strict-aliasing -marm -DRTCONFIG_NVRAM_64K -DLINUX_KERNEL_VERSION=132644  -ffunction-sections -fdata-sections  conftest.c >&5
configure:13264: $? = 0
configure:13264: result: yes
configure:13264: checking time.h presence
configure:13264: arm-brcm-linux-uclibcgnueabi-gcc -E  conftest.c
configure:13264: $? = 0
configure:13264: result: yes
configure:13264: checking for time.h
configure:13264: result: yes
configure:13276: checking sys/time.h usability
configure:13276: arm-brcm-linux-uclibcgnueabi-gcc -c -Wall -Os -DLINUX26 -DCONFIG_BCMWL5 -DDEBUG_NOISY -DDEBUG_RCTEST -pipe -DBCMWPA2 -DBCMARM -fno-strict-aliasing -marm -DRTCONFIG_NVRAM_64K -DLINUX_KERNEL_VERSION=132644  -ffunction-sections -fdata-sections  conftest.c >&5
configure:13276: $? = 0
configure:13276: result: yes
configure:13276: checking sys/time.h presence
configure:13276: arm-brcm-linux-uclibcgnueabi-gcc -E  conftest.c
configure:13276: $? = 0
configure:13276: result: yes
configure:13276: checking for sys/time.h
configure:13276: result: yes
configure:13288: checking for unistd.h
configure:13288: result: yes
configure:13300: checking cpuid.h usability
configure:13300: arm-brcm-linux-uclibcgnueabi-gcc -c -Wall -Os -DLINUX26 -DCONFIG_BCMWL5 -DDEBUG_NOISY -DDEBUG_RCTEST -pipe -DBCMWPA2 -DBCMARM -fno-strict-aliasing -marm -DRTCONFIG_NVRAM_64K -DLINUX_KERNEL_VERSION=132644  -ffunction-sections -fdata-sections  conftest.c >&5
conftest.c:86:19: fatal error: cpuid.h: No such file or directory
compilation terminated.
configure:13300: $? = 1
configure: failed program was:
| /* confdefs.h */
| #define PACKAGE_NAME "haveged"
| #define PACKAGE_TARNAME "haveged"
| #define PACKAGE_VERSION "1.9.1"
| #define PACKAGE_STRING "haveged 1.9.1"
| #define PACKAGE_BUGREPORT ""
| #define PACKAGE_URL ""
| #define PACKAGE "haveged"
| #define VERSION "1.9.1"
| #define STDC_HEADERS 1
| #define HAVE_SYS_TYPES_H 1
| #define HAVE_SYS_STAT_H 1
| #define HAVE_STDLIB_H 1
| #define HAVE_STRING_H 1
| #define HAVE_MEMORY_H 1
| #define HAVE_STRINGS_H 1
| #define HAVE_INTTYPES_H 1
| #define HAVE_STDINT_H 1
| #define HAVE_UNISTD_H 1
| #define HAVE_UINT32_T 1
| #define HAVE_UINT8_T 1
| #define HAVE_DLFCN_H 1
| #define LT_OBJDIR ".libs/"
| #define HAVEGE_LIB_VERSION "1:1:0"
| #define ONLINE_TESTS_ENABLE 1
| #define NUMBER_CORES 1
| #define TUNING_CPUID_ENABLE 1
| #define TUNING_VFS_ENABLE 1
| #define TIME_WITH_SYS_TIME 1
| #define HAVE_SYS_SELECT_H 1
| #define HAVE_SYS_SOCKET_H 1
| #define SELECT_TYPE_ARG1 int
| #define SELECT_TYPE_ARG234 (fd_set *)
| #define SELECT_TYPE_ARG5 (struct timeval *)
| #define RETSIGTYPE void
| #define HAVE_GETTIMEOFDAY 1
| #define HAVE_MEMSET 1
| #define HAVE_SELECT 1
| #define HAVE_SCHED_YIELD 1
| #define STDC_HEADERS 1
| #define HAVE_FCNTL_H 1
| #define HAVE_SCHED_H 1
| #define HAVE_SEMAPHORE_H 1
| #define HAVE_STDLIB_H 1
| #define HAVE_STRING_H 1
| #define HAVE_SYS_IOCTL_H 1
| #define HAVE_SYS_MMAN_H 1
| #define HAVE_SYS_WAIT_H 1
| #define HAVE_TIME_H 1
| #define HAVE_SYS_TIME_H 1
| #define HAVE_UNISTD_H 1
| /* end confdefs.h.  */
| #include <stdio.h>
| #ifdef HAVE_SYS_TYPES_H
| # include <sys/types.h>
| #endif
| #ifdef HAVE_SYS_STAT_H
| # include <sys/stat.h>
| #endif
| #ifdef STDC_HEADERS
| # include <stdlib.h>
| # include <stddef.h>
| #else
| # ifdef HAVE_STDLIB_H
| #  include <stdlib.h>
| # endif
| #endif
| #ifdef HAVE_STRING_H
| # if !defined STDC_HEADERS && defined HAVE_MEMORY_H
| #  include <memory.h>
| # endif
| # include <string.h>
| #endif
| #ifdef HAVE_STRINGS_H
| # include <strings.h>
| #endif
| #ifdef HAVE_INTTYPES_H
| # include <inttypes.h>
| #endif
| #ifdef HAVE_STDINT_H
| # include <stdint.h>
| #endif
| #ifdef HAVE_UNISTD_H
| # include <unistd.h>
| #endif
| #include <cpuid.h>
configure:13300: result: no
configure:13300: checking cpuid.h presence
configure:13300: arm-brcm-linux-uclibcgnueabi-gcc -E  conftest.c
conftest.c:53:19: fatal error: cpuid.h: No such file or directory
compilation terminated.
configure:13300: $? = 1
configure: failed program was:
| /* confdefs.h */
| #define PACKAGE_NAME "haveged"
| #define PACKAGE_TARNAME "haveged"
| #define PACKAGE_VERSION "1.9.1"
| #define PACKAGE_STRING "haveged 1.9.1"
| #define PACKAGE_BUGREPORT ""
| #define PACKAGE_URL ""
| #define PACKAGE "haveged"
| #define VERSION "1.9.1"
| #define STDC_HEADERS 1
| #define HAVE_SYS_TYPES_H 1
| #define HAVE_SYS_STAT_H 1
| #define HAVE_STDLIB_H 1
| #define HAVE_STRING_H 1
| #define HAVE_MEMORY_H 1
| #define HAVE_STRINGS_H 1
| #define HAVE_INTTYPES_H 1
| #define HAVE_STDINT_H 1
| #define HAVE_UNISTD_H 1
| #define HAVE_UINT32_T 1
| #define HAVE_UINT8_T 1
| #define HAVE_DLFCN_H 1
| #define LT_OBJDIR ".libs/"
| #define HAVEGE_LIB_VERSION "1:1:0"
| #define ONLINE_TESTS_ENABLE 1
| #define NUMBER_CORES 1
| #define TUNING_CPUID_ENABLE 1
| #define TUNING_VFS_ENABLE 1
| #define TIME_WITH_SYS_TIME 1
| #define HAVE_SYS_SELECT_H 1
| #define HAVE_SYS_SOCKET_H 1
| #define SELECT_TYPE_ARG1 int
| #define SELECT_TYPE_ARG234 (fd_set *)
| #define SELECT_TYPE_ARG5 (struct timeval *)
| #define RETSIGTYPE void
| #define HAVE_GETTIMEOFDAY 1
| #define HAVE_MEMSET 1
| #define HAVE_SELECT 1
| #define HAVE_SCHED_YIELD 1
| #define STDC_HEADERS 1
| #define HAVE_FCNTL_H 1
| #define HAVE_SCHED_H 1
| #define HAVE_SEMAPHORE_H 1
| #define HAVE_STDLIB_H 1
| #define HAVE_STRING_H 1
| #define HAVE_SYS_IOCTL_H 1
| #define HAVE_SYS_MMAN_H 1
| #define HAVE_SYS_WAIT_H 1
| #define HAVE_TIME_H 1
| #define HAVE_SYS_TIME_H 1
| #define HAVE_UNISTD_H 1
| /* end confdefs.h.  */
| #include <cpuid.h>
configure:13300: result: no
configure:13300: checking for cpuid.h
configure:13300: result: no
configure:13312: checking x86intrin.h usability
configure:13312: arm-brcm-linux-uclibcgnueabi-gcc -c -Wall -Os -DLINUX26 -DCONFIG_BCMWL5 -DDEBUG_NOISY -DDEBUG_RCTEST -pipe -DBCMWPA2 -DBCMARM -fno-strict-aliasing -marm -DRTCONFIG_NVRAM_64K -DLINUX_KERNEL_VERSION=132644  -ffunction-sections -fdata-sections  conftest.c >&5
conftest.c:86:23: fatal error: x86intrin.h: No such file or directory
compilation terminated.
configure:13312: $? = 1
configure: failed program was:
| /* confdefs.h */
| #define PACKAGE_NAME "haveged"
| #define PACKAGE_TARNAME "haveged"
| #define PACKAGE_VERSION "1.9.1"
| #define PACKAGE_STRING "haveged 1.9.1"
| #define PACKAGE_BUGREPORT ""
| #define PACKAGE_URL ""
| #define PACKAGE "haveged"
| #define VERSION "1.9.1"
| #define STDC_HEADERS 1
| #define HAVE_SYS_TYPES_H 1
| #define HAVE_SYS_STAT_H 1
| #define HAVE_STDLIB_H 1
| #define HAVE_STRING_H 1
| #define HAVE_MEMORY_H 1
| #define HAVE_STRINGS_H 1
| #define HAVE_INTTYPES_H 1
| #define HAVE_STDINT_H 1
| #define HAVE_UNISTD_H 1
| #define HAVE_UINT32_T 1
| #define HAVE_UINT8_T 1
| #define HAVE_DLFCN_H 1
| #define LT_OBJDIR ".libs/"
| #define HAVEGE_LIB_VERSION "1:1:0"
| #define ONLINE_TESTS_ENABLE 1
| #define NUMBER_CORES 1
| #define TUNING_CPUID_ENABLE 1
| #define TUNING_VFS_ENABLE 1
| #define TIME_WITH_SYS_TIME 1
| #define HAVE_SYS_SELECT_H 1
| #define HAVE_SYS_SOCKET_H 1
| #define SELECT_TYPE_ARG1 int
| #define SELECT_TYPE_ARG234 (fd_set *)
| #define SELECT_TYPE_ARG5 (struct timeval *)
| #define RETSIGTYPE void
| #define HAVE_GETTIMEOFDAY 1
| #define HAVE_MEMSET 1
| #define HAVE_SELECT 1
| #define HAVE_SCHED_YIELD 1
| #define STDC_HEADERS 1
| #define HAVE_FCNTL_H 1
| #define HAVE_SCHED_H 1
| #define HAVE_SEMAPHORE_H 1
| #define HAVE_STDLIB_H 1
| #define HAVE_STRING_H 1
| #define HAVE_SYS_IOCTL_H 1
| #define HAVE_SYS_MMAN_H 1
| #define HAVE_SYS_WAIT_H 1
| #define HAVE_TIME_H 1
| #define HAVE_SYS_TIME_H 1
| #define HAVE_UNISTD_H 1
| /* end confdefs.h.  */
| #include <stdio.h>
| #ifdef HAVE_SYS_TYPES_H
| # include <sys/types.h>
| #endif
| #ifdef HAVE_SYS_STAT_H
| # include <sys/stat.h>
| #endif
| #ifdef STDC_HEADERS
| # include <stdlib.h>
| # include <stddef.h>
| #else
| # ifdef HAVE_STDLIB_H
| #  include <stdlib.h>
| # endif
| #endif
| #ifdef HAVE_STRING_H
| # if !defined STDC_HEADERS && defined HAVE_MEMORY_H
| #  include <memory.h>
| # endif
| # include <string.h>
| #endif
| #ifdef HAVE_STRINGS_H
| # include <strings.h>
| #endif
| #ifdef HAVE_INTTYPES_H
| # include <inttypes.h>
| #endif
| #ifdef HAVE_STDINT_H
| # include <stdint.h>
| #endif
| #ifdef HAVE_UNISTD_H
| # include <unistd.h>
| #endif
| #include <x86intrin.h>
configure:13312: result: no
configure:13312: checking x86intrin.h presence
configure:13312: arm-brcm-linux-uclibcgnueabi-gcc -E  conftest.c
conftest.c:53:23: fatal error: x86intrin.h: No such file or directory
compilation terminated.
configure:13312: $? = 1
configure: failed program was:
| /* confdefs.h */
| #define PACKAGE_NAME "haveged"
| #define PACKAGE_TARNAME "haveged"
| #define PACKAGE_VERSION "1.9.1"
| #define PACKAGE_STRING "haveged 1.9.1"
| #define PACKAGE_BUGREPORT ""
| #define PACKAGE_URL ""
| #define PACKAGE "haveged"
| #define VERSION "1.9.1"
| #define STDC_HEADERS 1
| #define HAVE_SYS_TYPES_H 1
| #define HAVE_SYS_STAT_H 1
| #define HAVE_STDLIB_H 1
| #define HAVE_STRING_H 1
| #define HAVE_MEMORY_H 1
| #define HAVE_STRINGS_H 1
| #define HAVE_INTTYPES_H 1
| #define HAVE_STDINT_H 1
| #define HAVE_UNISTD_H 1
| #define HAVE_UINT32_T 1
| #define HAVE_UINT8_T 1
| #define HAVE_DLFCN_H 1
| #define LT_OBJDIR ".libs/"
| #define HAVEGE_LIB_VERSION "1:1:0"
| #define ONLINE_TESTS_ENABLE 1
| #define NUMBER_CORES 1
| #define TUNING_CPUID_ENABLE 1
| #define TUNING_VFS_ENABLE 1
| #define TIME_WITH_SYS_TIME 1
| #define HAVE_SYS_SELECT_H 1
| #define HAVE_SYS_SOCKET_H 1
| #define SELECT_TYPE_ARG1 int
| #define SELECT_TYPE_ARG234 (fd_set *)
| #define SELECT_TYPE_ARG5 (struct timeval *)
| #define RETSIGTYPE void
| #define HAVE_GETTIMEOFDAY 1
| #define HAVE_MEMSET 1
| #define HAVE_SELECT 1
| #define HAVE_SCHED_YIELD 1
| #define STDC_HEADERS 1
| #define HAVE_FCNTL_H 1
| #define HAVE_SCHED_H 1
| #define HAVE_SEMAPHORE_H 1
| #define HAVE_STDLIB_H 1
| #define HAVE_STRING_H 1
| #define HAVE_SYS_IOCTL_H 1
| #define HAVE_SYS_MMAN_H 1
| #define HAVE_SYS_WAIT_H 1
| #define HAVE_TIME_H 1
| #define HAVE_SYS_TIME_H 1
| #define HAVE_UNISTD_H 1
| /* end confdefs.h.  */
| #include <x86intrin.h>
configure:13312: result: no
configure:13312: checking for x86intrin.h
configure:13312: result: no
configure:13324: checking syslog.h usability
configure:13324: arm-brcm-linux-uclibcgnueabi-gcc -c -Wall -Os -DLINUX26 -DCONFIG_BCMWL5 -DDEBUG_NOISY -DDEBUG_RCTEST -pipe -DBCMWPA2 -DBCMARM -fno-strict-aliasing -marm -DRTCONFIG_NVRAM_64K -DLINUX_KERNEL_VERSION=132644  -ffunction-sections -fdata-sections  conftest.c >&5
configure:13324: $? = 0
configure:13324: result: yes
configure:13324: checking syslog.h presence
configure:13324: arm-brcm-linux-uclibcgnueabi-gcc -E  conftest.c
configure:13324: $? = 0
configure:13324: result: yes
configure:13324: checking for syslog.h
configure:13324: result: yes
configure:13336: checking linux/random.h usability
configure:13336: arm-brcm-linux-uclibcgnueabi-gcc -c -Wall -Os -DLINUX26 -DCONFIG_BCMWL5 -DDEBUG_NOISY -DDEBUG_RCTEST -pipe -DBCMWPA2 -DBCMARM -fno-strict-aliasing -marm -DRTCONFIG_NVRAM_64K -DLINUX_KERNEL_VERSION=132644  -ffunction-sections -fdata-sections  conftest.c >&5
configure:13336: $? = 0
configure:13336: result: yes
configure:13336: checking linux/random.h presence
configure:13336: arm-brcm-linux-uclibcgnueabi-gcc -E  conftest.c
configure:13336: $? = 0
configure:13336: result: yes
configure:13336: checking for linux/random.h
configure:13336: result: yes
configure:13430: checking for library containing clock_gettime
configure:13461: arm-brcm-linux-uclibcgnueabi-gcc -o conftest -Wall -Os -DLINUX26 -DCONFIG_BCMWL5 -DDEBUG_NOISY -DDEBUG_RCTEST -pipe -DBCMWPA2 -DBCMARM -fno-strict-aliasing -marm -DRTCONFIG_NVRAM_64K -DLINUX_KERNEL_VERSION=132644  -ffunction-sections -fdata-sections  -ffunction-sections -fdata-sections -Wl,--gc-sections conftest.c  >&5
configure:13461: $? = 0
configure:13478: result: none required
configure:13695: checking that generated files are newer than configure
configure:13701: result: done
configure:13756: creating ./config.status

## ---------------------- ##
## Running config.status. ##
## ---------------------- ##

This file was extended by haveged config.status 1.9.1, which was
generated by GNU Autoconf 2.69.  Invocation command line was

  CONFIG_FILES    = 
  CONFIG_HEADERS  = 
  CONFIG_LINKS    = 
  CONFIG_COMMANDS = 
  $ ./config.status 

on Centos9

config.status:1141: creating Makefile
config.status:1141: creating src/Makefile
config.status:1141: creating man/Makefile
config.status:1141: creating init.d/Makefile
config.status:1141: creating ent/Makefile
config.status:1141: creating nist/Makefile
config.status:1141: creating config.h
config.status:1322: config.h is unchanged
config.status:1370: executing depfiles commands
config.status:1447: cd .       && sed -e '/# am--include-marker/d' Makefile         | make -f - am--depfiles
make[4]: Entering directory '/home/id/asuswrt-merlin/release/src/router/haveged'
make[4]: Nothing to be done for 'am--depfiles'.
make[4]: Leaving directory '/home/id/asuswrt-merlin/release/src/router/haveged'
config.status:1452: $? = 0
config.status:1447: cd src       && sed -e '/# am--include-marker/d' Makefile         | make -f - am--depfiles
make[4]: Entering directory '/home/id/asuswrt-merlin/release/src/router/haveged/src'
make[4]: Leaving directory '/home/id/asuswrt-merlin/release/src/router/haveged/src'
config.status:1452: $? = 0
config.status:1447: cd ent       && sed -e '/# am--include-marker/d' Makefile         | make -f - am--depfiles
make[4]: Entering directory '/home/id/asuswrt-merlin/release/src/router/haveged/ent'
make[4]: Nothing to be done for 'am--depfiles'.
make[4]: Leaving directory '/home/id/asuswrt-merlin/release/src/router/haveged/ent'
config.status:1452: $? = 0
config.status:1447: cd nist       && sed -e '/# am--include-marker/d' Makefile         | make -f - am--depfiles
make[4]: Entering directory '/home/id/asuswrt-merlin/release/src/router/haveged/nist'
make[4]: Nothing to be done for 'am--depfiles'.
make[4]: Leaving directory '/home/id/asuswrt-merlin/release/src/router/haveged/nist'
config.status:1452: $? = 0
config.status:1370: executing libtool commands

## ---------------- ##
## Cache variables. ##
## ---------------- ##

ac_cv_build=x86_64-pc-linux-uclibc
ac_cv_c_compiler_gnu=yes
ac_cv_c_const=yes
ac_cv_env_CC_set=set
ac_cv_env_CC_value=arm-brcm-linux-uclibcgnueabi-gcc
ac_cv_env_CFLAGS_set=set
ac_cv_env_CFLAGS_value='-Wall -Os -DLINUX26 -DCONFIG_BCMWL5 -DDEBUG_NOISY -DDEBUG_RCTEST -pipe -DBCMWPA2 -DBCMARM -fno-strict-aliasing -marm -DRTCONFIG_NVRAM_64K -DLINUX_KERNEL_VERSION=132644  -ffunction-sections -fdata-sections'
ac_cv_env_CPPFLAGS_set=
ac_cv_env_CPPFLAGS_value=
ac_cv_env_CPP_set=
ac_cv_env_CPP_value=
ac_cv_env_LDFLAGS_set=set
ac_cv_env_LDFLAGS_value='-ffunction-sections -fdata-sections -Wl,--gc-sections'
ac_cv_env_LIBS_set=
ac_cv_env_LIBS_value=
ac_cv_env_LT_SYS_LIBRARY_PATH_set=
ac_cv_env_LT_SYS_LIBRARY_PATH_value=
ac_cv_env_build_alias_set=set
ac_cv_env_build_alias_value=
ac_cv_env_host_alias_set=set
ac_cv_env_host_alias_value=arm-linux
ac_cv_env_target_alias_set=
ac_cv_env_target_alias_value=
ac_cv_func___rdtsc=no
ac_cv_func_floor=no
ac_cv_func_gettimeofday=yes
ac_cv_func_memset=yes
ac_cv_func_pow=no
ac_cv_func_sched_yield=yes
ac_cv_func_select=yes
ac_cv_func_select_args='int,fd_set *,struct timeval *'
ac_cv_func_sqrt=no
ac_cv_header_cpuid_h=no
ac_cv_header_dlfcn_h=yes
ac_cv_header_fcntl_h=yes
ac_cv_header_inttypes_h=yes
ac_cv_header_linux_random_h=yes
ac_cv_header_memory_h=yes
ac_cv_header_sched_h=yes
ac_cv_header_semaphore_h=yes
ac_cv_header_stdc=yes
ac_cv_header_stdint_h=yes
ac_cv_header_stdlib_h=yes
ac_cv_header_string_h=yes
ac_cv_header_strings_h=yes
ac_cv_header_sys_ioctl_h=yes
ac_cv_header_sys_mman_h=yes
ac_cv_header_sys_select_h=yes
ac_cv_header_sys_socket_h=yes
ac_cv_header_sys_stat_h=yes
ac_cv_header_sys_time_h=yes
ac_cv_header_sys_types_h=yes
ac_cv_header_sys_wait_h=yes
ac_cv_header_syslog_h=yes
ac_cv_header_time=yes
ac_cv_header_time_h=yes
ac_cv_header_unistd_h=yes
ac_cv_header_x86intrin_h=no
ac_cv_host=arm-unknown-linux-gnu
ac_cv_objext=o
ac_cv_path_EGREP='/usr/bin/grep -E'
ac_cv_path_FGREP='/usr/bin/grep -F'
ac_cv_path_GREP=/usr/bin/grep
ac_cv_path_SED=/usr/bin/sed
ac_cv_path_install='/usr/bin/install -c'
ac_cv_path_lt_DD=/usr/bin/dd
ac_cv_path_mkdir=/usr/bin/mkdir
ac_cv_prog_AR=arm-brcm-linux-uclibcgnueabi-ar
ac_cv_prog_AWK=gawk
ac_cv_prog_CC=arm-brcm-linux-uclibcgnueabi-gcc
ac_cv_prog_CPP='arm-brcm-linux-uclibcgnueabi-gcc -E'
ac_cv_prog_OBJDUMP=arm-brcm-linux-uclibcgnueabi-objdump
ac_cv_prog_RANLIB=arm-brcm-linux-uclibcgnueabi-ranlib
ac_cv_prog_STRIP=arm-brcm-linux-uclibcgnueabi-strip
ac_cv_prog_cc_c89=
ac_cv_prog_cc_g=yes
ac_cv_prog_gcc_traditional=no
ac_cv_prog_make_make_set=yes
ac_cv_search_clock_gettime='none required'
ac_cv_type_signal=void
ac_cv_type_uint32_t=yes
ac_cv_type_uint8_t=yes
am_cv_CC_dependencies_compiler_type=gcc3
am_cv_make_support_nested_variables=yes
am_cv_prog_cc_c_o=yes
lt_cv_ar_at_file=@
lt_cv_archive_cmds_need_lc=no
lt_cv_deplibs_check_method=pass_all
lt_cv_file_magic_cmd='$MAGIC_CMD'
lt_cv_file_magic_test_file=
lt_cv_ld_reload_flag=-r
lt_cv_nm_interface='BSD nm'
lt_cv_objdir=.libs
lt_cv_path_LD=arm-brcm-linux-uclibcgnueabi-ld
lt_cv_path_NM=arm-brcm-linux-uclibcgnueabi-nm
lt_cv_path_mainfest_tool=no
lt_cv_prog_compiler_c_o=yes
lt_cv_prog_compiler_pic='-fPIC -DPIC'
lt_cv_prog_compiler_pic_works=yes
lt_cv_prog_compiler_rtti_exceptions=no
lt_cv_prog_compiler_static_works=yes
lt_cv_prog_gnu_ld=yes
lt_cv_sharedlib_from_linklib_cmd='printf %s\n'
lt_cv_shlibpath_overrides_runpath=no
lt_cv_sys_global_symbol_pipe='sed -n -e '\''s/^.*[	 ]\([ABCDGIRSTW][ABCDGIRSTW]*\)[	 ][	 ]*\([_A-Za-z][_A-Za-z0-9]*\)$/\1 \2 \2/p'\'' | sed '\''/ __gnu_lto/d'\'''
lt_cv_sys_global_symbol_to_c_name_address='sed -n -e '\''s/^: \(.*\) .*$/  {"\1", (void *) 0},/p'\'' -e '\''s/^[ABCDGIRSTW][ABCDGIRSTW]* .* \(.*\)$/  {"\1", (void *) \&\1},/p'\'''
lt_cv_sys_global_symbol_to_c_name_address_lib_prefix='sed -n -e '\''s/^: \(.*\) .*$/  {"\1", (void *) 0},/p'\'' -e '\''s/^[ABCDGIRSTW][ABCDGIRSTW]* .* \(lib.*\)$/  {"\1", (void *) \&\1},/p'\'' -e '\''s/^[ABCDGIRSTW][ABCDGIRSTW]* .* \(.*\)$/  {"lib\1", (void *) \&\1},/p'\'''
lt_cv_sys_global_symbol_to_cdecl='sed -n -e '\''s/^T .* \(.*\)$/extern int \1();/p'\'' -e '\''s/^[ABCDGIRSTW][ABCDGIRSTW]* .* \(.*\)$/extern char \1;/p'\'''
lt_cv_sys_global_symbol_to_import=
lt_cv_sys_max_cmd_len=1572864
lt_cv_to_host_file_cmd=func_convert_file_noop
lt_cv_to_tool_file_cmd=func_convert_file_noop
lt_cv_truncate_bin='/usr/bin/dd bs=4096 count=1'

## ----------------- ##
## Output variables. ##
## ----------------- ##

ACLOCAL='${SHELL} /home/id/asuswrt-merlin/release/src-rt-6.x.4708/router/haveged/config/missing aclocal-1.16'
AMDEPBACKSLASH='\'
AMDEP_FALSE='#'
AMDEP_TRUE=''
AMTAR='$${TAR-tar}'
AM_BACKSLASH='\'
AM_DEFAULT_V='$(AM_DEFAULT_VERBOSITY)'
AM_DEFAULT_VERBOSITY='1'
AM_V='$(V)'
AR='arm-brcm-linux-uclibcgnueabi-ar'
AUTOCONF='${SHELL} /home/id/asuswrt-merlin/release/src-rt-6.x.4708/router/haveged/config/missing autoconf'
AUTOHEADER='${SHELL} /home/id/asuswrt-merlin/release/src-rt-6.x.4708/router/haveged/config/missing autoheader'
AUTOMAKE='${SHELL} /home/id/asuswrt-merlin/release/src-rt-6.x.4708/router/haveged/config/missing automake-1.16'
AWK='gawk'
CC='arm-brcm-linux-uclibcgnueabi-gcc'
CCDEPMODE='depmode=gcc3'
CFLAGS='-Wall -Os -DLINUX26 -DCONFIG_BCMWL5 -DDEBUG_NOISY -DDEBUG_RCTEST -pipe -DBCMWPA2 -DBCMARM -fno-strict-aliasing -marm -DRTCONFIG_NVRAM_64K -DLINUX_KERNEL_VERSION=132644  -ffunction-sections -fdata-sections'
CPP='arm-brcm-linux-uclibcgnueabi-gcc -E'
CPPFLAGS=''
CYGPATH_W='echo'
DEFS='-DHAVE_CONFIG_H'
DEPDIR='.deps'
DLLTOOL='false'
DSYMUTIL=''
DUMPBIN=''
ECHO_C=''
ECHO_N='-n'
ECHO_T=''
EGREP='/usr/bin/grep -E'
ENABLE_BIN_FALSE=''
ENABLE_BIN_TRUE='#'
ENABLE_ENT_TEST_FALSE='#'
ENABLE_ENT_TEST_TRUE=''
ENABLE_NIST_TEST_FALSE=''
ENABLE_NIST_TEST_TRUE='#'
ENABLE_NOINIT_FALSE='#'
ENABLE_NOINIT_TRUE=''
ENABLE_SYSTEMD_FALSE=''
ENABLE_SYSTEMD_LOOKUP_FALSE='#'
ENABLE_SYSTEMD_LOOKUP_TRUE=''
ENABLE_SYSTEMD_TRUE='#'
ENABLE_SYSV_FALSE=''
ENABLE_SYSV_TRUE='#'
EXEEXT=''
FGREP='/usr/bin/grep -F'
GREP='/usr/bin/grep'
HAVEGE_LT_VERSION='1:1:0'
HA_DISTRO='no'
HA_LDFLAGS=' '
HA_UNITD='?'
INSTALL_DATA='${INSTALL} -m 644'
INSTALL_PROGRAM='${INSTALL}'
INSTALL_SCRIPT='${INSTALL}'
INSTALL_STRIP_PROGRAM='$(install_sh) -c -s'
LD='arm-brcm-linux-uclibcgnueabi-ld'
LDFLAGS='-ffunction-sections -fdata-sections -Wl,--gc-sections'
LIBOBJS=''
LIBS=''
LIBTOOL='$(SHELL) $(top_builddir)/libtool'
LIPO=''
LN_S='ln -s'
LTLIBOBJS=''
LT_SYS_LIBRARY_PATH=''
MAKEINFO='${SHELL} /home/id/asuswrt-merlin/release/src-rt-6.x.4708/router/haveged/config/missing makeinfo'
MANIFEST_TOOL=':'
MKDIR_P='/usr/bin/mkdir -p'
NM='arm-brcm-linux-uclibcgnueabi-nm'
NMEDIT=''
OBJDUMP='arm-brcm-linux-uclibcgnueabi-objdump'
OBJEXT='o'
OTOOL64=''
OTOOL=''
PACKAGE='haveged'
PACKAGE_BUGREPORT=''
PACKAGE_NAME='haveged'
PACKAGE_STRING='haveged 1.9.1'
PACKAGE_TARNAME='haveged'
PACKAGE_URL=''
PACKAGE_VERSION='1.9.1'
PATH_SEPARATOR=':'
RANLIB='arm-brcm-linux-uclibcgnueabi-ranlib'
SED='/usr/bin/sed'
SET_MAKE=''
SHELL='/bin/sh'
STRIP='arm-brcm-linux-uclibcgnueabi-strip'
VERSION='1.9.1'
ac_ct_AR=''
ac_ct_CC=''
ac_ct_DUMPBIN=''
am__EXEEXT_FALSE=''
am__EXEEXT_TRUE='#'
am__fastdepCC_FALSE='#'
am__fastdepCC_TRUE=''
am__include='include'
am__isrc=''
am__leading_dot='.'
am__nodep='_no'
am__quote=''
am__tar='$${TAR-tar} chof - "$$tardir"'
am__untar='$${TAR-tar} xf -'
bindir='${exec_prefix}/bin'
build='x86_64-pc-linux-uclibc'
build_alias=''
build_cpu='x86_64'
build_os='linux-uclibc'
build_vendor='pc'
datadir='${datarootdir}'
datarootdir='${prefix}/share'
docdir='${datarootdir}/doc/${PACKAGE_TARNAME}'
dvidir='${docdir}'
exec_prefix='${prefix}'
host='arm-unknown-linux-gnu'
host_alias='arm-linux'
host_cpu='arm'
host_os='linux-gnu'
host_vendor='unknown'
htmldir='${docdir}'
includedir='${prefix}/include'
infodir='${datarootdir}/info'
install_sh='${SHELL} /home/id/asuswrt-merlin/release/src-rt-6.x.4708/router/haveged/config/install-sh'
libdir='${exec_prefix}/lib'
libexecdir='${exec_prefix}/libexec'
localedir='${datarootdir}/locale'
localstatedir='${prefix}/var'
mandir='${datarootdir}/man'
mkdir_p='$(MKDIR_P)'
oldincludedir='/usr/include'
pdfdir='${docdir}'
prefix='/usr'
program_transform_name='s,x,x,'
psdir='${docdir}'
sbindir='${exec_prefix}/sbin'
sharedstatedir='${prefix}/com'
sysconfdir='${prefix}/etc'
target_alias=''

## ----------- ##
## confdefs.h. ##
## ----------- ##

/* confdefs.h */
#define PACKAGE_NAME "haveged"
#define PACKAGE_TARNAME "haveged"
#define PACKAGE_VERSION "1.9.1"
#define PACKAGE_STRING "haveged 1.9.1"
#define PACKAGE_BUGREPORT ""
#define PACKAGE_URL ""
#define PACKAGE "haveged"
#define VERSION "1.9.1"
#define STDC_HEADERS 1
#define HAVE_SYS_TYPES_H 1
#define HAVE_SYS_STAT_H 1
#define HAVE_STDLIB_H 1
#define HAVE_STRING_H 1
#define HAVE_MEMORY_H 1
#define HAVE_STRINGS_H 1
#define HAVE_INTTYPES_H 1
#define HAVE_STDINT_H 1
#define HAVE_UNISTD_H 1
#define HAVE_UINT32_T 1
#define HAVE_UINT8_T 1
#define HAVE_DLFCN_H 1
#define LT_OBJDIR ".libs/"
#define HAVEGE_LIB_VERSION "1:1:0"
#define ONLINE_TESTS_ENABLE 1
#define NUMBER_CORES 1
#define TUNING_CPUID_ENABLE 1
#define TUNING_VFS_ENABLE 1
#define TIME_WITH_SYS_TIME 1
#define HAVE_SYS_SELECT_H 1
#define HAVE_SYS_SOCKET_H 1
#define SELECT_TYPE_ARG1 int
#define SELECT_TYPE_ARG234 (fd_set *)
#define SELECT_TYPE_ARG5 (struct timeval *)
#define RETSIGTYPE void
#define HAVE_GETTIMEOFDAY 1
#define HAVE_MEMSET 1
#define HAVE_SELECT 1
#define HAVE_SCHED_YIELD 1
#define STDC_HEADERS 1
#define HAVE_FCNTL_H 1
#define HAVE_SCHED_H 1
#define HAVE_SEMAPHORE_H 1
#define HAVE_STDLIB_H 1
#define HAVE_STRING_H 1
#define HAVE_SYS_IOCTL_H 1
#define HAVE_SYS_MMAN_H 1
#define HAVE_SYS_WAIT_H 1
#define HAVE_TIME_H 1
#define HAVE_SYS_TIME_H 1
#define HAVE_UNISTD_H 1
#define HAVE_SYSLOG_H 1
#define HAVE_LINUX_RANDOM_H 1
#define HAVE_ISA_GENERIC "arm-unknown-linux-gnu"
#define ENABLE_CLOCK_GETTIME 1

configure: exit 0
